Log file open, 10/17/19 12:33:50
LogWindows: Failed to load 'aqProf.dll' (GetLastError=126)
LogWindows: File 'aqProf.dll' does not exist
LogWindows: Failed to load 'VtuneApi.dll' (GetLastError=126)
LogWindows: File 'VtuneApi.dll' does not exist
LogWindows: Failed to load 'VtuneApi32e.dll' (GetLastError=126)
LogWindows: File 'VtuneApi32e.dll' does not exist
LogConsoleResponse: Display: Failed to find resolution value strings in scalability ini. Falling back to default.
LogInit: Display: Running engine for game: UnrealAI
LogPlatformFile: Not using cached read wrapper
LogTaskGraph: Started task graph with 5 named threads and 35 total threads with 3 sets of task threads.
LogStats: Stats thread started at 0.209510
LogD3D11RHI: Loaded GFSDK_Aftermath_Lib.x64.dll
LogICUInternationalization: ICU TimeZone Detection - Raw Offset: +1:00, Platform Override: ''
LogPluginManager: Mounting plugin Paper2D
LogPluginManager: Mounting plugin AISupport
LogPluginManager: Mounting plugin LightPropagationVolume
LogPluginManager: Mounting plugin ActorLayerUtilities
LogPluginManager: Mounting plugin AnimationSharing
LogPluginManager: Mounting plugin CLionSourceCodeAccess
LogPluginManager: Mounting plugin CodeLiteSourceCodeAccess
LogPluginManager: Mounting plugin GitSourceControl
LogPluginManager: Mounting plugin KDevelopSourceCodeAccess
LogPluginManager: Mounting plugin NullSourceCodeAccess
LogPluginManager: Mounting plugin PerforceSourceControl
LogPluginManager: Mounting plugin SubversionSourceControl
LogPluginManager: Mounting plugin UObjectPlugin
LogPluginManager: Mounting plugin VisualStudioCodeSourceCodeAccess
LogPluginManager: Mounting plugin VisualStudioSourceCodeAccess
LogPluginManager: Mounting plugin XCodeSourceCodeAccess
LogPluginManager: Mounting plugin AssetManagerEditor
LogPluginManager: Mounting plugin CryptoKeys
LogPluginManager: Mounting plugin CurveEditorTools
LogPluginManager: Mounting plugin DataValidation
LogPluginManager: Mounting plugin FacialAnimation
LogPluginManager: Mounting plugin GameplayTagsEditor
LogPluginManager: Mounting plugin MacGraphicsSwitching
LogPluginManager: Mounting plugin MaterialAnalyzer
LogPluginManager: Mounting plugin MobileLauncherProfileWizard
LogPluginManager: Mounting plugin PluginBrowser
LogPluginManager: Mounting plugin SpeedTreeImporter
LogPluginManager: Mounting plugin DatasmithContent
LogPluginManager: Mounting plugin VariantManagerContent
LogPluginManager: Mounting plugin AlembicImporter
LogPluginManager: Mounting plugin AutomationUtils
LogPluginManager: Mounting plugin BackChannel
LogPluginManager: Mounting plugin CharacterAI
LogPluginManager: Mounting plugin GeometryCache
LogPluginManager: Mounting plugin HTML5Networking
LogPluginManager: Mounting plugin PlatformCrypto
LogPluginManager: Mounting plugin ProxyLODPlugin
LogPluginManager: Mounting plugin SkeletalReduction
LogPluginManager: Mounting plugin MagicLeap
LogPluginManager: Mounting plugin MagicLeapMedia
LogPluginManager: Mounting plugin AndroidMedia
LogPluginManager: Mounting plugin AvfMedia
LogPluginManager: Mounting plugin ImgMedia
LogPluginManager: Mounting plugin MediaCompositing
LogPluginManager: Mounting plugin MediaPlayerEditor
LogPluginManager: Mounting plugin WebMMedia
LogPluginManager: Mounting plugin WmfMedia
LogPluginManager: Mounting plugin TcpMessaging
LogPluginManager: Mounting plugin UdpMessaging
LogPluginManager: Mounting plugin ActorSequence
LogPluginManager: Mounting plugin LevelSequenceEditor
LogPluginManager: Mounting plugin MatineeToLevelSequence
LogPluginManager: Mounting plugin NetcodeUnitTest
LogPluginManager: Mounting plugin NUTUnrealEngine4
LogPluginManager: Mounting plugin OnlineSubsystemGooglePlay
LogPluginManager: Mounting plugin OnlineSubsystemIOS
LogPluginManager: Mounting plugin OnlineSubsystem
LogPluginManager: Mounting plugin OnlineSubsystemNull
LogPluginManager: Mounting plugin OnlineSubsystemUtils
LogPluginManager: Mounting plugin LauncherChunkInstaller
LogPluginManager: Mounting plugin AndroidDeviceProfileSelector
LogPluginManager: Mounting plugin AndroidMoviePlayer
LogPluginManager: Mounting plugin AndroidPermission
LogPluginManager: Mounting plugin AppleImageUtils
LogPluginManager: Mounting plugin AppleMoviePlayer
LogPluginManager: Mounting plugin ArchVisCharacter
LogPluginManager: Mounting plugin AudioCapture
LogPluginManager: Mounting plugin CableComponent
LogPluginManager: Mounting plugin CustomMeshComponent
LogPluginManager: Mounting plugin EditableMesh
LogPluginManager: Mounting plugin ExampleDeviceProfileSelector
LogPluginManager: Mounting plugin GoogleCloudMessaging
LogPluginManager: Mounting plugin IOSDeviceProfileSelector
LogPluginManager: Mounting plugin LinuxDeviceProfileSelector
LogPluginManager: Mounting plugin LocationServicesBPLibrary
LogPluginManager: Mounting plugin MobilePatchingUtils
LogPluginManager: Mounting plugin OculusVR
LogPluginManager: Mounting plugin PhysXVehicles
LogPluginManager: Mounting plugin ProceduralMeshComponent
LogPluginManager: Mounting plugin RuntimePhysXCooking
LogPluginManager: Mounting plugin SignificanceManager
LogPluginManager: Mounting plugin SteamVR
LogPluginManager: Mounting plugin WebMMoviePlayer
LogPluginManager: Mounting plugin WindowsMoviePlayer
LogPluginManager: Mounting plugin ScreenshotTools
LogInit: Using libcurl 7.55.1-DEV
LogInit:  - built for x86_64-pc-win32
LogInit:  - supports SSL with OpenSSL/1.1.1
LogInit:  - supports HTTP deflate (compression) using libz 1.2.8
LogInit:  - other features:
LogInit:      CURL_VERSION_SSL
LogInit:      CURL_VERSION_LIBZ
LogInit:      CURL_VERSION_IPV6
LogInit:      CURL_VERSION_ASYNCHDNS
LogInit:      CURL_VERSION_LARGEFILE
LogInit:      CURL_VERSION_IDN
LogInit:  CurlRequestOptions (configurable via config and command line):
LogInit:  - bVerifyPeer = true  - Libcurl will verify peer certificate
LogInit:  - bUseHttpProxy = false  - Libcurl will NOT use HTTP proxy
LogInit:  - bDontReuseConnections = false  - Libcurl will reuse connections
LogInit:  - MaxHostConnections = 16  - Libcurl will limit the number of connections to a host
LogInit:  - LocalHostAddr = Default
LogInit:  - BufferSize = 65536
LogOnline: OSS: Creating online subsystem instance for: NULL
LogInit: WinSock: version 1.1 (2.2), MaxSocks=32767, MaxUdp=65467
LogInit: Build: ++UE4+Release-4.23-CL-8386587
LogInit: Engine Version: 4.23.0-8386587+++UE4+Release-4.23
LogInit: Compatible Engine Version: 4.23.0-8386587+++UE4+Release-4.23
LogInit: Net CL: 8386587
LogInit: OS: Windows 10 (Release 1809) (), CPU: Intel(R) Core(TM) i7-9750H CPU @ 2.60GHz, GPU: NVIDIA GeForce RTX 2070 with Max-Q Design
LogInit: Compiled (64-bit): Aug 31 2019 02:04:44
LogInit: Compiled with Visual C++: 19.16.27030.01
LogInit: Build Configuration: Development
LogInit: Branch Name: ++UE4+Release-4.23
LogInit: Command Line:  -EpicPortal -epicusername=LeafMountain -epicuserid=d62bb9a1b748493aadf3c46a0d64e182 -epiclocale=en-US
LogInit: Base Directory: C:/Program Files/Epic Games/UE_4.23/Engine/Binaries/Win64/
LogInit: Installed Engine Build: 1
LogDevObjectVersion: Number of dev versions registered: 23
LogDevObjectVersion:   Dev-Blueprints (B0D832E4-1F89-4F0D-ACCF-7EB736FD4AA2): 10
LogDevObjectVersion:   Dev-Build (E1C64328-A22C-4D53-A36C-8E866417BD8C): 0
LogDevObjectVersion:   Dev-Core (375EC13C-06E4-48FB-B500-84F0262A717E): 3
LogDevObjectVersion:   Dev-Editor (E4B068ED-F494-42E9-A231-DA0B2E46BB41): 34
LogDevObjectVersion:   Dev-Framework (CFFC743F-43B0-4480-9391-14DF171D2073): 35
LogDevObjectVersion:   Dev-Mobile (B02B49B5-BB20-44E9-A304-32B752E40360): 2
LogDevObjectVersion:   Dev-Networking (A4E4105C-59A1-49B5-A7C5-40C4547EDFEE): 0
LogDevObjectVersion:   Dev-Online (39C831C9-5AE6-47DC-9A44-9C173E1C8E7C): 0
LogDevObjectVersion:   Dev-Physics (78F01B33-EBEA-4F98-B9B4-84EACCB95AA2): 0
LogDevObjectVersion:   Dev-Platform (6631380F-2D4D-43E0-8009-CF276956A95A): 0
LogDevObjectVersion:   Dev-Rendering (12F88B9F-8875-4AFC-A67C-D90C383ABD29): 31
LogDevObjectVersion:   Dev-Sequencer (7B5AE74C-D270-4C10-A958-57980B212A5A): 11
LogDevObjectVersion:   Dev-VR (D7296918-1DD6-4BDD-9DE2-64A83CC13884): 2
LogDevObjectVersion:   Dev-LoadTimes (C2A15278-BFE7-4AFE-6C17-90FF531DF755): 1
LogDevObjectVersion:   Private-Geometry (6EACA3D4-40EC-4CC1-B786-8BED09428FC5): 3
LogDevObjectVersion:   Dev-AnimPhys (29E575DD-E0A3-4627-9D10-D276232CDCEA): 17
LogDevObjectVersion:   Dev-Anim (AF43A65D-7FD3-4947-9873-3E8ED9C1BB05): 2
LogDevObjectVersion:   Dev-ReflectionCapture (6B266CEC-1EC7-4B8F-A30B-E4D90942FC07): 1
LogDevObjectVersion:   Dev-Automation (0DF73D61-A23F-47EA-B727-89E90C41499A): 1
LogDevObjectVersion:   FortniteMain (601D1886-AC64-4F84-AA16-D3DE0DEAC7D6): 27
LogDevObjectVersion:   Dev-Enterprise (9DFFBCD6-494F-0158-E221-12823C92A888): 6
LogDevObjectVersion:   Dev-Niagara (F2AED0AC-9AFE-416F-8664-AA7FFA26D6FC): 1
LogDevObjectVersion:   Dev-Destruction (174F1F0B-B4C6-45A5-B13F-2EE8D0FB917D): 9
LogInit: Presizing for max 16777216 objects, including 0 objects not considered by GC, pre-allocating 0 bytes for permanent pool.
LogInit: Object subsystem initialized
LogConfig: Setting CVar [[con.DebugEarlyDefault:1]]
LogConfig: Setting CVar [[r.setres:1280x720]]
[2019.10.17-10.33.50:805][  0]LogConfig: Setting CVar [[r.VSync:0]]
[2019.10.17-10.33.50:805][  0]LogConfig: Setting CVar [[r.RHICmdBypass:0]]
[2019.10.17-10.33.50:805][  0]LogConfig: Applying CVar settings from Section [/Script/Engine.RendererSettings] File [C:/Users/Lovberg/Projects/FutureGames/UnrealPatrolAI/UnrealAI/Saved/Config/Windows/Engine.ini]
[2019.10.17-10.33.50:805][  0]LogConfig: Setting CVar [[r.GPUCrashDebugging:0]]
[2019.10.17-10.33.50:805][  0]LogConfig: Applying CVar settings from Section [/Script/Engine.RendererOverrideSettings] File [C:/Users/Lovberg/Projects/FutureGames/UnrealPatrolAI/UnrealAI/Saved/Config/Windows/Engine.ini]
[2019.10.17-10.33.50:805][  0]LogConfig: Applying CVar settings from Section [/Script/Engine.StreamingSettings] File [C:/Users/Lovberg/Projects/FutureGames/UnrealPatrolAI/UnrealAI/Saved/Config/Windows/Engine.ini]
[2019.10.17-10.33.50:805][  0]LogConfig: Setting CVar [[s.MinBulkDataSizeForAsyncLoading:131072]]
[2019.10.17-10.33.50:805][  0]LogConfig: Setting CVar [[s.AsyncLoadingThreadEnabled:0]]
[2019.10.17-10.33.50:805][  0]LogConfig: Setting CVar [[s.EventDrivenLoaderEnabled:1]]
[2019.10.17-10.33.50:805][  0]LogConfig: Setting CVar [[s.WarnIfTimeLimitExceeded:0]]
[2019.10.17-10.33.50:805][  0]LogConfig: Setting CVar [[s.TimeLimitExceededMultiplier:1.5]]
[2019.10.17-10.33.50:805][  0]LogConfig: Setting CVar [[s.TimeLimitExceededMinTime:0.005]]
[2019.10.17-10.33.50:805][  0]LogConfig: Setting CVar [[s.UseBackgroundLevelStreaming:1]]
[2019.10.17-10.33.50:805][  0]LogConfig: Setting CVar [[s.PriorityAsyncLoadingExtraTime:15.0]]
[2019.10.17-10.33.50:805][  0]LogConfig: Setting CVar [[s.LevelStreamingActorsUpdateTimeLimit:5.0]]
[2019.10.17-10.33.50:805][  0]LogConfig: Setting CVar [[s.PriorityLevelStreamingActorsUpdateExtraTime:5.0]]
[2019.10.17-10.33.50:805][  0]LogConfig: Setting CVar [[s.LevelStreamingComponentsRegistrationGranularity:10]]
[2019.10.17-10.33.50:805][  0]LogConfig: Setting CVar [[s.UnregisterComponentsTimeLimit:1.0]]
[2019.10.17-10.33.50:805][  0]LogConfig: Setting CVar [[s.LevelStreamingComponentsUnregistrationGranularity:5]]
[2019.10.17-10.33.50:805][  0]LogConfig: Applying CVar settings from Section [/Script/Engine.GarbageCollectionSettings] File [C:/Users/Lovberg/Projects/FutureGames/UnrealPatrolAI/UnrealAI/Saved/Config/Windows/Engine.ini]
[2019.10.17-10.33.50:805][  0]LogConfig: Setting CVar [[gc.MaxObjectsNotConsideredByGC:1]]
[2019.10.17-10.33.50:805][  0]LogConfig: Setting CVar [[gc.SizeOfPermanentObjectPool:0]]
[2019.10.17-10.33.50:805][  0]LogConfig: Setting CVar [[gc.FlushStreamingOnGC:0]]
[2019.10.17-10.33.50:805][  0]LogConfig: Setting CVar [[gc.NumRetriesBeforeForcingGC:10]]
[2019.10.17-10.33.50:805][  0]LogConfig: Setting CVar [[gc.AllowParallelGC:1]]
[2019.10.17-10.33.50:805][  0]LogConfig: Setting CVar [[gc.TimeBetweenPurgingPendingKillObjects:61.1]]
[2019.10.17-10.33.50:805][  0]LogConfig: Setting CVar [[gc.MaxObjectsInEditor:16777216]]
[2019.10.17-10.33.50:805][  0]LogConfig: Setting CVar [[gc.IncrementalBeginDestroyEnabled:1]]
[2019.10.17-10.33.50:805][  0]LogConfig: Setting CVar [[gc.CreateGCClusters:1]]
[2019.10.17-10.33.50:805][  0]LogConfig: Setting CVar [[gc.MinGCClusterSize:5]]
[2019.10.17-10.33.50:805][  0]LogConfig: Setting CVar [[gc.ActorClusteringEnabled:0]]
[2019.10.17-10.33.50:805][  0]LogConfig: Setting CVar [[gc.BlueprintClusteringEnabled:0]]
[2019.10.17-10.33.50:805][  0]LogConfig: Setting CVar [[gc.UseDisregardForGCOnDedicatedServers:0]]
[2019.10.17-10.33.50:805][  0]LogConfig: Applying CVar settings from Section [/Script/Engine.NetworkSettings] File [C:/Users/Lovberg/Projects/FutureGames/UnrealPatrolAI/UnrealAI/Saved/Config/Windows/Engine.ini]
[2019.10.17-10.33.50:805][  0]LogConfig: Applying CVar settings from Section [/Script/UnrealEd.CookerSettings] File [C:/Users/Lovberg/Projects/FutureGames/UnrealPatrolAI/UnrealAI/Saved/Config/Windows/Engine.ini]
[2019.10.17-10.33.50:808][  0]LogConfig: Applying CVar settings from Section [ViewDistanceQuality@3] File [C:/Users/Lovberg/Projects/FutureGames/UnrealPatrolAI/UnrealAI/Saved/Config/Windows/Scalability.ini]
[2019.10.17-10.33.50:808][  0]LogConfig: Setting CVar [[r.SkeletalMeshLODBias:0]]
[2019.10.17-10.33.50:808][  0]LogConfig: Setting CVar [[r.ViewDistanceScale:1.0]]
[2019.10.17-10.33.50:808][  0]LogConfig: Applying CVar settings from Section [AntiAliasingQuality@3] File [C:/Users/Lovberg/Projects/FutureGames/UnrealPatrolAI/UnrealAI/Saved/Config/Windows/Scalability.ini]
[2019.10.17-10.33.50:808][  0]LogConfig: Setting CVar [[r.PostProcessAAQuality:4]]
[2019.10.17-10.33.50:808][  0]LogConfig: Applying CVar settings from Section [ShadowQuality@3] File [C:/Users/Lovberg/Projects/FutureGames/UnrealPatrolAI/UnrealAI/Saved/Config/Windows/Scalability.ini]
[2019.10.17-10.33.50:808][  0]LogConfig: Setting CVar [[r.LightFunctionQuality:1]]
[2019.10.17-10.33.50:808][  0]LogConfig: Setting CVar [[r.ShadowQuality:5]]
[2019.10.17-10.33.50:808][  0]LogConfig: Setting CVar [[r.Shadow.CSM.MaxCascades:10]]
[2019.10.17-10.33.50:808][  0]LogConfig: Setting CVar [[r.Shadow.MaxResolution:2048]]
[2019.10.17-10.33.50:808][  0]LogConfig: Setting CVar [[r.Shadow.MaxCSMResolution:2048]]
[2019.10.17-10.33.50:808][  0]LogConfig: Setting CVar [[r.Shadow.RadiusThreshold:0.01]]
[2019.10.17-10.33.50:808][  0]LogConfig: Setting CVar [[r.Shadow.DistanceScale:1.0]]
[2019.10.17-10.33.50:808][  0]LogConfig: Setting CVar [[r.Shadow.CSM.TransitionScale:1.0]]
[2019.10.17-10.33.50:808][  0]LogConfig: Setting CVar [[r.Shadow.PreShadowResolutionFactor:1.0]]
[2019.10.17-10.33.50:808][  0]LogConfig: Setting CVar [[r.DistanceFieldShadowing:1]]
[2019.10.17-10.33.50:808][  0]LogConfig: Setting CVar [[r.DistanceFieldAO:1]]
[2019.10.17-10.33.50:808][  0]LogConfig: Setting CVar [[r.AOQuality:2]]
[2019.10.17-10.33.50:808][  0]LogConfig: Setting CVar [[r.VolumetricFog:1]]
[2019.10.17-10.33.50:809][  0]LogConfig: Setting CVar [[r.VolumetricFog.GridPixelSize:8]]
[2019.10.17-10.33.50:809][  0]LogConfig: Setting CVar [[r.VolumetricFog.GridSizeZ:128]]
[2019.10.17-10.33.50:809][  0]LogConfig: Setting CVar [[r.VolumetricFog.HistoryMissSupersampleCount:4]]
[2019.10.17-10.33.50:809][  0]LogConfig: Setting CVar [[r.LightMaxDrawDistanceScale:1]]
[2019.10.17-10.33.50:809][  0]LogConfig: Setting CVar [[r.CapsuleShadows:1]]
[2019.10.17-10.33.50:809][  0]LogConfig: Applying CVar settings from Section [PostProcessQuality@3] File [C:/Users/Lovberg/Projects/FutureGames/UnrealPatrolAI/UnrealAI/Saved/Config/Windows/Scalability.ini]
[2019.10.17-10.33.50:809][  0]LogConfig: Setting CVar [[r.MotionBlurQuality:4]]
[2019.10.17-10.33.50:809][  0]LogConfig: Setting CVar [[r.AmbientOcclusionMipLevelFactor:0.4]]
[2019.10.17-10.33.50:809][  0]LogConfig: Setting CVar [[r.AmbientOcclusionMaxQuality:100]]
[2019.10.17-10.33.50:809][  0]LogConfig: Setting CVar [[r.AmbientOcclusionLevels:-1]]
[2019.10.17-10.33.50:809][  0]LogConfig: Setting CVar [[r.AmbientOcclusionRadiusScale:1.0]]
[2019.10.17-10.33.50:809][  0]LogConfig: Setting CVar [[r.DepthOfFieldQuality:2]]
[2019.10.17-10.33.50:809][  0]LogConfig: Setting CVar [[r.RenderTargetPoolMin:400]]
[2019.10.17-10.33.50:809][  0]LogConfig: Setting CVar [[r.LensFlareQuality:2]]
[2019.10.17-10.33.50:809][  0]LogConfig: Setting CVar [[r.SceneColorFringeQuality:1]]
[2019.10.17-10.33.50:809][  0]LogConfig: Setting CVar [[r.EyeAdaptationQuality:2]]
[2019.10.17-10.33.50:809][  0]LogConfig: Setting CVar [[r.BloomQuality:5]]
[2019.10.17-10.33.50:809][  0]LogConfig: Setting CVar [[r.FastBlurThreshold:100]]
[2019.10.17-10.33.50:809][  0]LogConfig: Setting CVar [[r.Upscale.Quality:3]]
[2019.10.17-10.33.50:809][  0]LogConfig: Setting CVar [[r.Tonemapper.GrainQuantization:1]]
[2019.10.17-10.33.50:809][  0]LogConfig: Setting CVar [[r.LightShaftQuality:1]]
[2019.10.17-10.33.50:809][  0]LogConfig: Setting CVar [[r.Filter.SizeScale:1]]
[2019.10.17-10.33.50:809][  0]LogConfig: Setting CVar [[r.Tonemapper.Quality:5]]
[2019.10.17-10.33.50:809][  0]LogConfig: Setting CVar [[r.DOF.Gather.AccumulatorQuality:1        ; higher gathering accumulator quality]]
[2019.10.17-10.33.50:809][  0]LogConfig: Setting CVar [[r.DOF.Gather.PostfilterMethod:1          ; Median3x3 postfilering method]]
[2019.10.17-10.33.50:809][  0]LogConfig: Setting CVar [[r.DOF.Gather.EnableBokehSettings:0       ; no bokeh simulation when gathering]]
[2019.10.17-10.33.50:809][  0]LogConfig: Setting CVar [[r.DOF.Gather.RingCount:4                 ; medium number of samples when gathering]]
[2019.10.17-10.33.50:809][  0]LogConfig: Setting CVar [[r.DOF.Scatter.ForegroundCompositing:1    ; additive foreground scattering]]
[2019.10.17-10.33.50:809][  0]LogConfig: Setting CVar [[r.DOF.Scatter.BackgroundCompositing:2    ; additive background scattering]]
[2019.10.17-10.33.50:809][  0]LogConfig: Setting CVar [[r.DOF.Scatter.EnableBokehSettings:1      ; bokeh simulation when scattering]]
[2019.10.17-10.33.50:809][  0]LogConfig: Setting CVar [[r.DOF.Scatter.MaxSpriteRatio:0.1         ; only a maximum of 10% of scattered bokeh]]
[2019.10.17-10.33.50:809][  0]LogConfig: Setting CVar [[r.DOF.Recombine.Quality:1                ; cheap slight out of focus]]
[2019.10.17-10.33.50:809][  0]LogConfig: Setting CVar [[r.DOF.Recombine.EnableBokehSettings:0    ; no bokeh simulation on slight out of focus]]
[2019.10.17-10.33.50:809][  0]LogConfig: Setting CVar [[r.DOF.TemporalAAQuality:1                ; more stable temporal accumulation]]
[2019.10.17-10.33.50:809][  0]LogConfig: Setting CVar [[r.DOF.Kernel.MaxForegroundRadius:0.025]]
[2019.10.17-10.33.50:809][  0]LogConfig: Setting CVar [[r.DOF.Kernel.MaxBackgroundRadius:0.025]]
[2019.10.17-10.33.50:809][  0]LogConfig: Applying CVar settings from Section [TextureQuality@3] File [C:/Users/Lovberg/Projects/FutureGames/UnrealPatrolAI/UnrealAI/Saved/Config/Windows/Scalability.ini]
[2019.10.17-10.33.50:809][  0]LogConfig: Setting CVar [[r.Streaming.MipBias:0]]
[2019.10.17-10.33.50:809][  0]LogConfig: Setting CVar [[r.Streaming.AmortizeCPUToGPUCopy:0]]
[2019.10.17-10.33.50:809][  0]LogConfig: Setting CVar [[r.Streaming.MaxNumTexturesToStreamPerFrame:0]]
[2019.10.17-10.33.50:809][  0]LogConfig: Setting CVar [[r.Streaming.Boost:1]]
[2019.10.17-10.33.50:809][  0]LogConfig: Setting CVar [[r.MaxAnisotropy:8]]
[2019.10.17-10.33.50:809][  0]LogConfig: Setting CVar [[r.Streaming.LimitPoolSizeToVRAM:0]]
[2019.10.17-10.33.50:809][  0]LogConfig: Setting CVar [[r.Streaming.PoolSize:1000]]
[2019.10.17-10.33.50:809][  0]LogConfig: Setting CVar [[r.Streaming.MaxEffectiveScreenSize:0]]
[2019.10.17-10.33.50:809][  0]LogConfig: Applying CVar settings from Section [EffectsQuality@3] File [C:/Users/Lovberg/Projects/FutureGames/UnrealPatrolAI/UnrealAI/Saved/Config/Windows/Scalability.ini]
[2019.10.17-10.33.50:809][  0]LogConfig: Setting CVar [[r.TranslucencyLightingVolumeDim:64]]
[2019.10.17-10.33.50:809][  0]LogConfig: Setting CVar [[r.RefractionQuality:2]]
[2019.10.17-10.33.50:809][  0]LogConfig: Setting CVar [[r.SSR.Quality:3]]
[2019.10.17-10.33.50:809][  0]LogConfig: Setting CVar [[r.SceneColorFormat:4]]
[2019.10.17-10.33.50:809][  0]LogConfig: Setting CVar [[r.DetailMode:2]]
[2019.10.17-10.33.50:809][  0]LogConfig: Setting CVar [[r.TranslucencyVolumeBlur:1]]
[2019.10.17-10.33.50:809][  0]LogConfig: Setting CVar [[r.MaterialQualityLevel:1 ; High quality]]
[2019.10.17-10.33.50:809][  0]LogConfig: Setting CVar [[r.SSS.Scale:1]]
[2019.10.17-10.33.50:809][  0]LogConfig: Setting CVar [[r.SSS.SampleSet:2]]
[2019.10.17-10.33.50:809][  0]LogConfig: Setting CVar [[r.SSS.Quality:1]]
[2019.10.17-10.33.50:809][  0]LogConfig: Setting CVar [[r.SSS.HalfRes:1]]
[2019.10.17-10.33.50:809][  0]LogConfig: Setting CVar [[r.EmitterSpawnRateScale:1.0]]
[2019.10.17-10.33.50:809][  0]LogConfig: Setting CVar [[r.ParticleLightQuality:2]]
[2019.10.17-10.33.50:809][  0]LogConfig: Applying CVar settings from Section [FoliageQuality@3] File [C:/Users/Lovberg/Projects/FutureGames/UnrealPatrolAI/UnrealAI/Saved/Config/Windows/Scalability.ini]
[2019.10.17-10.33.50:809][  0]LogConfig: Setting CVar [[foliage.DensityScale:1.0]]
[2019.10.17-10.33.50:809][  0]LogConfig: Setting CVar [[grass.DensityScale:1.0]]
[2019.10.17-10.33.50:809][  0]LogInit: Selected Device Profile: [Windows]
[2019.10.17-10.33.50:809][  0]LogInit: Applying CVar settings loaded from the selected device profile: [Windows]
[2019.10.17-10.33.50:817][  0]LogHAL: Display: Platform has ~ 16 GB [17016705024 / 17179869184 / 16], which maps to Larger [LargestMinGB=32, LargerMinGB=12, DefaultMinGB=8, SmallerMinGB=6, SmallestMinGB=0)
[2019.10.17-10.33.50:817][  0]LogInit: Going up to parent DeviceProfile []
[2019.10.17-10.33.50:817][  0]LogConfig: Applying CVar settings from Section [ViewDistanceQuality@3] File [C:/Users/Lovberg/Projects/FutureGames/UnrealPatrolAI/UnrealAI/Saved/Config/Windows/Scalability.ini]
[2019.10.17-10.33.50:817][  0]LogConfig: Setting CVar [[r.SkeletalMeshLODBias:0]]
[2019.10.17-10.33.50:817][  0]LogConfig: Setting CVar [[r.ViewDistanceScale:1.0]]
[2019.10.17-10.33.50:817][  0]LogConfig: Applying CVar settings from Section [AntiAliasingQuality@3] File [C:/Users/Lovberg/Projects/FutureGames/UnrealPatrolAI/UnrealAI/Saved/Config/Windows/Scalability.ini]
[2019.10.17-10.33.50:817][  0]LogConfig: Setting CVar [[r.PostProcessAAQuality:4]]
[2019.10.17-10.33.50:817][  0]LogConfig: Applying CVar settings from Section [ShadowQuality@3] File [C:/Users/Lovberg/Projects/FutureGames/UnrealPatrolAI/UnrealAI/Saved/Config/Windows/Scalability.ini]
[2019.10.17-10.33.50:817][  0]LogConfig: Setting CVar [[r.LightFunctionQuality:1]]
[2019.10.17-10.33.50:817][  0]LogConfig: Setting CVar [[r.ShadowQuality:5]]
[2019.10.17-10.33.50:817][  0]LogConfig: Setting CVar [[r.Shadow.CSM.MaxCascades:10]]
[2019.10.17-10.33.50:817][  0]LogConfig: Setting CVar [[r.Shadow.MaxResolution:2048]]
[2019.10.17-10.33.50:817][  0]LogConfig: Setting CVar [[r.Shadow.MaxCSMResolution:2048]]
[2019.10.17-10.33.50:817][  0]LogConfig: Setting CVar [[r.Shadow.RadiusThreshold:0.01]]
[2019.10.17-10.33.50:817][  0]LogConfig: Setting CVar [[r.Shadow.DistanceScale:1.0]]
[2019.10.17-10.33.50:817][  0]LogConfig: Setting CVar [[r.Shadow.CSM.TransitionScale:1.0]]
[2019.10.17-10.33.50:817][  0]LogConfig: Setting CVar [[r.Shadow.PreShadowResolutionFactor:1.0]]
[2019.10.17-10.33.50:817][  0]LogConfig: Setting CVar [[r.DistanceFieldShadowing:1]]
[2019.10.17-10.33.50:817][  0]LogConfig: Setting CVar [[r.DistanceFieldAO:1]]
[2019.10.17-10.33.50:817][  0]LogConfig: Setting CVar [[r.AOQuality:2]]
[2019.10.17-10.33.50:817][  0]LogConfig: Setting CVar [[r.VolumetricFog:1]]
[2019.10.17-10.33.50:817][  0]LogConfig: Setting CVar [[r.VolumetricFog.GridPixelSize:8]]
[2019.10.17-10.33.50:817][  0]LogConfig: Setting CVar [[r.VolumetricFog.GridSizeZ:128]]
[2019.10.17-10.33.50:817][  0]LogConfig: Setting CVar [[r.VolumetricFog.HistoryMissSupersampleCount:4]]
[2019.10.17-10.33.50:817][  0]LogConfig: Setting CVar [[r.LightMaxDrawDistanceScale:1]]
[2019.10.17-10.33.50:817][  0]LogConfig: Setting CVar [[r.CapsuleShadows:1]]
[2019.10.17-10.33.50:817][  0]LogConfig: Applying CVar settings from Section [PostProcessQuality@3] File [C:/Users/Lovberg/Projects/FutureGames/UnrealPatrolAI/UnrealAI/Saved/Config/Windows/Scalability.ini]
[2019.10.17-10.33.50:817][  0]LogConfig: Setting CVar [[r.MotionBlurQuality:4]]
[2019.10.17-10.33.50:817][  0]LogConfig: Setting CVar [[r.AmbientOcclusionMipLevelFactor:0.4]]
[2019.10.17-10.33.50:817][  0]LogConfig: Setting CVar [[r.AmbientOcclusionMaxQuality:100]]
[2019.10.17-10.33.50:817][  0]LogConfig: Setting CVar [[r.AmbientOcclusionLevels:-1]]
[2019.10.17-10.33.50:817][  0]LogConfig: Setting CVar [[r.AmbientOcclusionRadiusScale:1.0]]
[2019.10.17-10.33.50:817][  0]LogConfig: Setting CVar [[r.DepthOfFieldQuality:2]]
[2019.10.17-10.33.50:817][  0]LogConfig: Setting CVar [[r.RenderTargetPoolMin:400]]
[2019.10.17-10.33.50:817][  0]LogConfig: Setting CVar [[r.LensFlareQuality:2]]
[2019.10.17-10.33.50:817][  0]LogConfig: Setting CVar [[r.SceneColorFringeQuality:1]]
[2019.10.17-10.33.50:817][  0]LogConfig: Setting CVar [[r.EyeAdaptationQuality:2]]
[2019.10.17-10.33.50:817][  0]LogConfig: Setting CVar [[r.BloomQuality:5]]
[2019.10.17-10.33.50:817][  0]LogConfig: Setting CVar [[r.FastBlurThreshold:100]]
[2019.10.17-10.33.50:817][  0]LogConfig: Setting CVar [[r.Upscale.Quality:3]]
[2019.10.17-10.33.50:818][  0]LogConfig: Setting CVar [[r.Tonemapper.GrainQuantization:1]]
[2019.10.17-10.33.50:818][  0]LogConfig: Setting CVar [[r.LightShaftQuality:1]]
[2019.10.17-10.33.50:818][  0]LogConfig: Setting CVar [[r.Filter.SizeScale:1]]
[2019.10.17-10.33.50:818][  0]LogConfig: Setting CVar [[r.Tonemapper.Quality:5]]
[2019.10.17-10.33.50:818][  0]LogConfig: Setting CVar [[r.DOF.Gather.AccumulatorQuality:1        ; higher gathering accumulator quality]]
[2019.10.17-10.33.50:818][  0]LogConfig: Setting CVar [[r.DOF.Gather.PostfilterMethod:1          ; Median3x3 postfilering method]]
[2019.10.17-10.33.50:818][  0]LogConfig: Setting CVar [[r.DOF.Gather.EnableBokehSettings:0       ; no bokeh simulation when gathering]]
[2019.10.17-10.33.50:818][  0]LogConfig: Setting CVar [[r.DOF.Gather.RingCount:4                 ; medium number of samples when gathering]]
[2019.10.17-10.33.50:818][  0]LogConfig: Setting CVar [[r.DOF.Scatter.ForegroundCompositing:1    ; additive foreground scattering]]
[2019.10.17-10.33.50:818][  0]LogConfig: Setting CVar [[r.DOF.Scatter.BackgroundCompositing:2    ; additive background scattering]]
[2019.10.17-10.33.50:818][  0]LogConfig: Setting CVar [[r.DOF.Scatter.EnableBokehSettings:1      ; bokeh simulation when scattering]]
[2019.10.17-10.33.50:818][  0]LogConfig: Setting CVar [[r.DOF.Scatter.MaxSpriteRatio:0.1         ; only a maximum of 10% of scattered bokeh]]
[2019.10.17-10.33.50:818][  0]LogConfig: Setting CVar [[r.DOF.Recombine.Quality:1                ; cheap slight out of focus]]
[2019.10.17-10.33.50:818][  0]LogConfig: Setting CVar [[r.DOF.Recombine.EnableBokehSettings:0    ; no bokeh simulation on slight out of focus]]
[2019.10.17-10.33.50:818][  0]LogConfig: Setting CVar [[r.DOF.TemporalAAQuality:1                ; more stable temporal accumulation]]
[2019.10.17-10.33.50:818][  0]LogConfig: Setting CVar [[r.DOF.Kernel.MaxForegroundRadius:0.025]]
[2019.10.17-10.33.50:818][  0]LogConfig: Setting CVar [[r.DOF.Kernel.MaxBackgroundRadius:0.025]]
[2019.10.17-10.33.50:818][  0]LogConfig: Applying CVar settings from Section [TextureQuality@3] File [C:/Users/Lovberg/Projects/FutureGames/UnrealPatrolAI/UnrealAI/Saved/Config/Windows/Scalability.ini]
[2019.10.17-10.33.50:818][  0]LogConfig: Setting CVar [[r.Streaming.MipBias:0]]
[2019.10.17-10.33.50:818][  0]LogConfig: Setting CVar [[r.Streaming.AmortizeCPUToGPUCopy:0]]
[2019.10.17-10.33.50:818][  0]LogConfig: Setting CVar [[r.Streaming.MaxNumTexturesToStreamPerFrame:0]]
[2019.10.17-10.33.50:818][  0]LogConfig: Setting CVar [[r.Streaming.Boost:1]]
[2019.10.17-10.33.50:818][  0]LogConfig: Setting CVar [[r.MaxAnisotropy:8]]
[2019.10.17-10.33.50:818][  0]LogConfig: Setting CVar [[r.Streaming.LimitPoolSizeToVRAM:0]]
[2019.10.17-10.33.50:818][  0]LogConfig: Setting CVar [[r.Streaming.PoolSize:1000]]
[2019.10.17-10.33.50:818][  0]LogConfig: Setting CVar [[r.Streaming.MaxEffectiveScreenSize:0]]
[2019.10.17-10.33.50:818][  0]LogConfig: Applying CVar settings from Section [EffectsQuality@3] File [C:/Users/Lovberg/Projects/FutureGames/UnrealPatrolAI/UnrealAI/Saved/Config/Windows/Scalability.ini]
[2019.10.17-10.33.50:818][  0]LogConfig: Setting CVar [[r.TranslucencyLightingVolumeDim:64]]
[2019.10.17-10.33.50:818][  0]LogConfig: Setting CVar [[r.RefractionQuality:2]]
[2019.10.17-10.33.50:818][  0]LogConfig: Setting CVar [[r.SSR.Quality:3]]
[2019.10.17-10.33.50:818][  0]LogConfig: Setting CVar [[r.SceneColorFormat:4]]
[2019.10.17-10.33.50:818][  0]LogConfig: Setting CVar [[r.DetailMode:2]]
[2019.10.17-10.33.50:818][  0]LogConfig: Setting CVar [[r.TranslucencyVolumeBlur:1]]
[2019.10.17-10.33.50:818][  0]LogConfig: Setting CVar [[r.MaterialQualityLevel:1 ; High quality]]
[2019.10.17-10.33.50:818][  0]LogConfig: Setting CVar [[r.SSS.Scale:1]]
[2019.10.17-10.33.50:818][  0]LogConfig: Setting CVar [[r.SSS.SampleSet:2]]
[2019.10.17-10.33.50:818][  0]LogConfig: Setting CVar [[r.SSS.Quality:1]]
[2019.10.17-10.33.50:818][  0]LogConfig: Setting CVar [[r.SSS.HalfRes:1]]
[2019.10.17-10.33.50:818][  0]LogConfig: Setting CVar [[r.EmitterSpawnRateScale:1.0]]
[2019.10.17-10.33.50:818][  0]LogConfig: Setting CVar [[r.ParticleLightQuality:2]]
[2019.10.17-10.33.50:818][  0]LogConfig: Applying CVar settings from Section [FoliageQuality@3] File [C:/Users/Lovberg/Projects/FutureGames/UnrealPatrolAI/UnrealAI/Saved/Config/Windows/Scalability.ini]
[2019.10.17-10.33.50:818][  0]LogConfig: Setting CVar [[foliage.DensityScale:1.0]]
[2019.10.17-10.33.50:818][  0]LogConfig: Setting CVar [[grass.DensityScale:1.0]]
[2019.10.17-10.33.50:818][  0]LogConfig: Applying CVar settings from Section [Startup] File [../../../Engine/Config/ConsoleVariables.ini]
[2019.10.17-10.33.50:823][  0]LogConfig: Setting CVar [[net.UseAdaptiveNetUpdateFrequency:0]]
[2019.10.17-10.33.50:823][  0]LogConfig: Setting CVar [[p.chaos.AllowCreatePhysxBodies:1]]
[2019.10.17-10.33.50:823][  0]LogConfig: Applying CVar settings from Section [ConsoleVariables] File [C:/Users/Lovberg/Projects/FutureGames/UnrealPatrolAI/UnrealAI/Saved/Config/Windows/Engine.ini]
[2019.10.17-10.33.50:823][  0]LogInit: Computer: MSI
[2019.10.17-10.33.50:823][  0]LogInit: User: Lovberg
[2019.10.17-10.33.50:823][  0]LogInit: CPU Page size=4096, Cores=6
[2019.10.17-10.33.50:823][  0]LogInit: High frequency timer resolution =10.000000 MHz
[2019.10.17-10.33.50:823][  0]LogMemory: Memory total: Physical=15.8GB (16GB approx)
[2019.10.17-10.33.50:823][  0]LogMemory: Platform Memory Stats for Windows
[2019.10.17-10.33.50:823][  0]LogMemory: Process Physical Memory: 101.29 MB used, 101.29 MB peak
[2019.10.17-10.33.50:823][  0]LogMemory: Process Virtual Memory: 101.50 MB used, 101.50 MB peak
[2019.10.17-10.33.50:823][  0]LogMemory: Physical Memory: 8421.77 MB used,  7806.62 MB free, 16228.39 MB total
[2019.10.17-10.33.50:823][  0]LogMemory: Virtual Memory: 4701.03 MB used,  134213024.00 MB free, 134217728.00 MB total
[2019.10.17-10.33.51:043][  0]LogWindows: WindowsPlatformFeatures enabled
[2019.10.17-10.33.51:177][  0]LogInit: Using OS detected language (en-US).
[2019.10.17-10.33.51:178][  0]LogInit: Using OS detected locale (sv-SE).
[2019.10.17-10.33.51:179][  0]LogTextLocalizationManager: No specific localization for 'en-US' exists, so the 'en' localization will be used.
[2019.10.17-10.33.51:561][  0]LogSlate: New Slate User Created.  User Index 0, Is Virtual User: 0
[2019.10.17-10.33.51:561][  0]LogSlate: Slate User Registered.  User Index 0, Is Virtual User: 0
[2019.10.17-10.33.53:104][  0]LogHMD: Failed to initialize OpenVR with code 110
[2019.10.17-10.33.53:104][  0]LogD3D11RHI: D3D11 adapters:
[2019.10.17-10.33.53:210][  0]LogD3D11RHI:    0. 'NVIDIA GeForce RTX 2070 with Max-Q Design' (Feature Level 11_0)
[2019.10.17-10.33.53:210][  0]LogD3D11RHI:       8031/0/8114 MB DedicatedVideo/DedicatedSystem/SharedSystem, Outputs:1, VendorId:0x10de
[2019.10.17-10.33.53:235][  0]LogD3D11RHI:    1. 'Intel(R) UHD Graphics 630' (Feature Level 11_0)
[2019.10.17-10.33.53:235][  0]LogD3D11RHI:       128/0/8114 MB DedicatedVideo/DedicatedSystem/SharedSystem, Outputs:0, VendorId:0x8086
[2019.10.17-10.33.53:239][  0]LogD3D11RHI:    2. 'Microsoft Basic Render Driver' (Feature Level 11_0)
[2019.10.17-10.33.53:239][  0]LogD3D11RHI:       0/0/8114 MB DedicatedVideo/DedicatedSystem/SharedSystem, Outputs:0, VendorId:0x1414
[2019.10.17-10.33.53:239][  0]LogD3D11RHI: Chosen D3D11 Adapter: 0
[2019.10.17-10.33.53:246][  0]LogD3D11RHI: Creating new Direct3DDevice
[2019.10.17-10.33.53:246][  0]LogD3D11RHI:     GPU DeviceId: 0x1f10 (for the marketing name, search the web for "GPU Device Id")
[2019.10.17-10.33.53:246][  0]LogWindows: EnumDisplayDevices:
[2019.10.17-10.33.53:246][  0]LogWindows:    0. 'Intel(R) UHD Graphics 630' (P:0 D:0)
[2019.10.17-10.33.53:246][  0]LogWindows:    1. 'Intel(R) UHD Graphics 630' (P:0 D:0)
[2019.10.17-10.33.53:247][  0]LogWindows:    2. 'Intel(R) UHD Graphics 630' (P:0 D:0)
[2019.10.17-10.33.53:247][  0]LogWindows:    3. 'NVIDIA GeForce RTX 2070 with Max-Q Design' (P:1 D:1)
[2019.10.17-10.33.53:247][  0]LogWindows:    4. 'NVIDIA GeForce RTX 2070 with Max-Q Design' (P:0 D:0)
[2019.10.17-10.33.53:247][  0]LogWindows:    5. 'NVIDIA GeForce RTX 2070 with Max-Q Design' (P:0 D:0)
[2019.10.17-10.33.53:247][  0]LogWindows:    6. 'NVIDIA GeForce RTX 2070 with Max-Q Design' (P:0 D:0)
[2019.10.17-10.33.53:247][  0]LogWindows: DebugString: PrimaryIsNotTheChoosenAdapter PrimaryIsNotTheChoosenAdapter PrimaryIsNotTheChoosenAdapter FoundDriverCount:4 
[2019.10.17-10.33.53:248][  0]LogD3D11RHI:     Adapter Name: NVIDIA GeForce RTX 2070 with Max-Q Design
[2019.10.17-10.33.53:248][  0]LogD3D11RHI:   Driver Version: 436.48 (internal:26.21.14.3648, unified:436.48)
[2019.10.17-10.33.53:248][  0]LogD3D11RHI:      Driver Date: 9-26-2019
[2019.10.17-10.33.53:248][  0]LogRHI: Texture pool is 5621 MB (70% of 8031 MB)
[2019.10.17-10.33.53:288][  0]LogD3D11RHI: Async texture creation enabled
[2019.10.17-10.33.53:309][  0]LogD3D11RHI: GPU Timing Frequency: 1000.000000 (Debug: 2 1)
[2019.10.17-10.33.53:662][  0]LogTemp: Display: Module 'AllDesktopTargetPlatform' loaded TargetPlatform 'AllDesktop'
[2019.10.17-10.33.53:669][  0]LogTemp: Display: Module 'MacClientTargetPlatform' loaded TargetPlatform 'MacClient'
[2019.10.17-10.33.53:677][  0]LogTemp: Display: Module 'MacNoEditorTargetPlatform' loaded TargetPlatform 'MacNoEditor'
[2019.10.17-10.33.53:684][  0]LogTemp: Display: Module 'MacServerTargetPlatform' loaded TargetPlatform 'MacServer'
[2019.10.17-10.33.53:696][  0]LogTemp: Display: Module 'MacTargetPlatform' loaded TargetPlatform 'Mac'
[2019.10.17-10.33.53:704][  0]LogTemp: Display: Module 'WindowsClientTargetPlatform' loaded TargetPlatform 'WindowsClient'
[2019.10.17-10.33.53:712][  0]LogTemp: Display: Module 'WindowsNoEditorTargetPlatform' loaded TargetPlatform 'WindowsNoEditor'
[2019.10.17-10.33.53:720][  0]LogTemp: Display: Module 'WindowsServerTargetPlatform' loaded TargetPlatform 'WindowsServer'
[2019.10.17-10.33.53:724][  0]LogTemp: Display: Module 'WindowsTargetPlatform' loaded TargetPlatform 'Windows'
[2019.10.17-10.33.53:757][  0]LogTemp: Display: Module 'AndroidTargetPlatform' loaded TargetPlatform 'Android'
[2019.10.17-10.33.53:757][  0]LogTemp: Display: Module 'AndroidTargetPlatform' loaded TargetPlatform 'Android_ASTC'
[2019.10.17-10.33.53:757][  0]LogTemp: Display: Module 'AndroidTargetPlatform' loaded TargetPlatform 'Android_ATC'
[2019.10.17-10.33.53:757][  0]LogTemp: Display: Module 'AndroidTargetPlatform' loaded TargetPlatform 'Android_DXT'
[2019.10.17-10.33.53:757][  0]LogTemp: Display: Module 'AndroidTargetPlatform' loaded TargetPlatform 'Android_ETC1'
[2019.10.17-10.33.53:757][  0]LogTemp: Display: Module 'AndroidTargetPlatform' loaded TargetPlatform 'Android_ETC1a'
[2019.10.17-10.33.53:757][  0]LogTemp: Display: Module 'AndroidTargetPlatform' loaded TargetPlatform 'Android_ETC2'
[2019.10.17-10.33.53:757][  0]LogTemp: Display: Module 'AndroidTargetPlatform' loaded TargetPlatform 'Android_PVRTC'
[2019.10.17-10.33.53:757][  0]LogTemp: Display: Module 'AndroidTargetPlatform' loaded TargetPlatform 'AndroidClient'
[2019.10.17-10.33.53:757][  0]LogTemp: Display: Module 'AndroidTargetPlatform' loaded TargetPlatform 'Android_ASTCClient'
[2019.10.17-10.33.53:757][  0]LogTemp: Display: Module 'AndroidTargetPlatform' loaded TargetPlatform 'Android_ATCClient'
[2019.10.17-10.33.53:757][  0]LogTemp: Display: Module 'AndroidTargetPlatform' loaded TargetPlatform 'Android_DXTClient'
[2019.10.17-10.33.53:757][  0]LogTemp: Display: Module 'AndroidTargetPlatform' loaded TargetPlatform 'Android_ETC1Client'
[2019.10.17-10.33.53:757][  0]LogTemp: Display: Module 'AndroidTargetPlatform' loaded TargetPlatform 'Android_ETC1aClient'
[2019.10.17-10.33.53:757][  0]LogTemp: Display: Module 'AndroidTargetPlatform' loaded TargetPlatform 'Android_ETC2Client'
[2019.10.17-10.33.53:758][  0]LogTemp: Display: Module 'AndroidTargetPlatform' loaded TargetPlatform 'Android_PVRTCClient'
[2019.10.17-10.33.53:758][  0]LogTemp: Display: Module 'AndroidTargetPlatform' loaded TargetPlatform 'Android_Multi'
[2019.10.17-10.33.53:758][  0]LogTemp: Display: Module 'AndroidTargetPlatform' loaded TargetPlatform 'Android_MultiClient'
[2019.10.17-10.33.53:759][  0]LogTemp: Display: Module 'HTML5TargetPlatform' loaded TargetPlatform 'HTML5'
[2019.10.17-10.33.53:781][  0]LogTemp: Display: Module 'IOSTargetPlatform' loaded TargetPlatform 'IOSClient'
[2019.10.17-10.33.53:781][  0]LogTemp: Display: Module 'IOSTargetPlatform' loaded TargetPlatform 'IOS'
[2019.10.17-10.33.53:792][  0]LogTemp: Display: Module 'TVOSTargetPlatform' loaded TargetPlatform 'TVOSClient'
[2019.10.17-10.33.53:793][  0]LogTemp: Display: Module 'TVOSTargetPlatform' loaded TargetPlatform 'TVOS'
[2019.10.17-10.33.53:799][  0]LogTemp: Display: Module 'LinuxClientTargetPlatform' loaded TargetPlatform 'LinuxClient'
[2019.10.17-10.33.53:805][  0]LogTemp: Display: Module 'LinuxNoEditorTargetPlatform' loaded TargetPlatform 'LinuxNoEditor'
[2019.10.17-10.33.53:811][  0]LogTemp: Display: Module 'LinuxServerTargetPlatform' loaded TargetPlatform 'LinuxServer'
[2019.10.17-10.33.53:819][  0]LogTemp: Display: Module 'LinuxTargetPlatform' loaded TargetPlatform 'Linux'
[2019.10.17-10.33.53:842][  0]LogTemp: Display: Module 'LuminTargetPlatform' loaded TargetPlatform 'Lumin'
[2019.10.17-10.33.53:842][  0]LogTemp: Display: Module 'LuminTargetPlatform' loaded TargetPlatform 'LuminClient'
[2019.10.17-10.33.53:842][  0]LogTargetPlatformManager: Display: Building Assets For Windows
[2019.10.17-10.33.53:881][  0]LogAudioDebug: Display: Lib vorbis DLL was dynamically loaded.
[2019.10.17-10.33.53:958][  0]LogShaderCompilers: Guid format shader working directory is -28 characters bigger than the processId version (../../../../../../Users/Lovberg/Projects/FutureGames/UnrealPatrolAI/UnrealAI/Intermediate/Shaders/WorkingDirectory/2636/).
[2019.10.17-10.33.53:958][  0]LogShaderCompilers: Cleaned the shader compiler working directory 'C:/Users/Lovberg/AppData/Local/Temp/UnrealShaderWorkingDir/6F7D281343E164C9E082EF80F13C387C/'.
[2019.10.17-10.33.53:961][  0]LogXGEController: Cannot use XGE Controller as Incredibuild is not installed on this machine.
[2019.10.17-10.33.53:961][  0]LogShaderCompilers: Cannot use XGE Shader Compiler as Incredibuild is not installed on this machine.
[2019.10.17-10.33.53:961][  0]LogShaderCompilers: Display: Using Local Shader Compiler.
[2019.10.17-10.33.55:611][  0]LogDerivedDataCache: Display: Max Cache Size: 512 MB
[2019.10.17-10.33.55:693][  0]LogDerivedDataCache: Loaded boot cache 0.08s 78MB C:/Users/Lovberg/AppData/Local/UnrealEngine/4.23/DerivedDataCache/Boot.ddc.
[2019.10.17-10.33.55:693][  0]LogDerivedDataCache: Display: Loaded Boot cache: C:/Users/Lovberg/AppData/Local/UnrealEngine/4.23/DerivedDataCache/Boot.ddc
[2019.10.17-10.33.55:693][  0]LogDerivedDataCache: FDerivedDataBackendGraph:  Pak pak cache file ../../../../../../Users/Lovberg/Projects/FutureGames/UnrealPatrolAI/UnrealAI/DerivedDataCache/DDC.ddp not found, will not use a pak cache.
[2019.10.17-10.33.55:694][  0]LogDerivedDataCache: Unable to find inner node Pak for hierarchical cache Hierarchy.
[2019.10.17-10.33.55:694][  0]LogDerivedDataCache: FDerivedDataBackendGraph:  CompressedPak pak cache file ../../../../../../Users/Lovberg/Projects/FutureGames/UnrealPatrolAI/UnrealAI/DerivedDataCache/Compressed.ddp not found, will not use a pak cache.
[2019.10.17-10.33.55:694][  0]LogDerivedDataCache: Unable to find inner node CompressedPak for hierarchical cache Hierarchy.
[2019.10.17-10.33.55:709][  0]LogDerivedDataCache: Display: Pak cache opened for reading ../../../Engine/DerivedDataCache/Compressed.ddp.
[2019.10.17-10.33.55:709][  0]LogDerivedDataCache: FDerivedDataBackendGraph:  EnterprisePak pak cache file ../../../Enterprise/DerivedDataCache/Compressed.ddp not found, will not use a pak cache.
[2019.10.17-10.33.55:709][  0]LogDerivedDataCache: Unable to find inner node EnterprisePak for hierarchical cache Hierarchy.
[2019.10.17-10.33.55:711][  0]LogDerivedDataCache: Using Local data cache path C:/Users/Lovberg/AppData/Local/UnrealEngine/Common/DerivedDataCache: Writable
[2019.10.17-10.33.55:711][  0]LogDerivedDataCache: Shared data cache path not found in *engine.ini, will not use an Shared cache.
[2019.10.17-10.33.55:711][  0]LogDerivedDataCache: Unable to find inner node Shared for hierarchical cache Hierarchy.
[2019.10.17-10.33.55:733][  0]LogMaterial: Verifying Global Shaders for PCD3D_SM5
[2019.10.17-10.33.55:735][  0]LogSlate: Using FreeType 2.6.0
[2019.10.17-10.33.55:746][  0]LogSlate: SlateFontServices - WITH_FREETYPE: 1, WITH_HARFBUZZ: 1
[2019.10.17-10.33.55:966][  0]LogAssetRegistry: FAssetRegistry took 0.0020 seconds to start up
[2019.10.17-10.33.56:184][  0]LogInit: Selected Device Profile: [Windows]
[2019.10.17-10.33.56:377][  0]LogMeshReduction: Using QuadricMeshReduction for automatic static mesh reduction
[2019.10.17-10.33.56:377][  0]LogMeshReduction: Using SimplygonMeshReduction for automatic skeletal mesh reduction
[2019.10.17-10.33.56:377][  0]LogMeshReduction: Using ProxyLODMeshReduction for automatic mesh merging
[2019.10.17-10.33.56:377][  0]LogMeshReduction: No distributed automatic mesh merging module available
[2019.10.17-10.33.56:377][  0]LogMeshMerging: No distributed automatic mesh merging module available
[2019.10.17-10.33.56:401][  0]LogNetVersion: UnrealAI 1.0.0, NetCL: 8386587, EngineNetVer: 11, GameNetVer: 0 (Checksum: 501177962)
[2019.10.17-10.33.57:181][  0]LogPackageLocalizationCache: Processed 12 localized package path(s) for 1 prioritized culture(s) in 0.051553 seconds
[2019.10.17-10.33.57:187][  0]LogUObjectArray: 43444 objects as part of root set at end of initial load.
[2019.10.17-10.33.57:187][  0]LogUObjectAllocator: 7548648 out of 0 bytes used by permanent object pool.
[2019.10.17-10.33.57:187][  0]LogUObjectArray: CloseDisregardForGC: 0/0 objects in disregard for GC pool
[2019.10.17-10.33.59:785][  0]LogTcpMessaging: Initializing TcpMessaging bridge
[2019.10.17-10.33.59:787][  0]LogUdpMessaging: Initializing bridge on interface 0.0.0.0:0 to multicast group 230.0.0.1:6666.
[2019.10.17-10.34.00:171][  0]SourceControl: Source control is disabled
[2019.10.17-10.34.00:171][  0]SourceControl: Source control is disabled
[2019.10.17-10.34.00:174][  0]SourceControl: Source control is disabled
[2019.10.17-10.34.00:175][  0]SourceControl: Source control is disabled
[2019.10.17-10.34.00:311][  0]LogAndroidPermission: UAndroidPermissionCallbackProxy::GetInstance
[2019.10.17-10.34.00:832][  0]LogOcInput: OculusInput pre-init called
[2019.10.17-10.34.00:838][  0]LogWindows: Failed to load 'OVRPlugin.dll' (GetLastError=126)
[2019.10.17-10.34.00:838][  0]LogWindows: File 'OVRPlugin.dll' does not exist
[2019.10.17-10.34.00:920][  0]LogEngine: Initializing Engine...
[2019.10.17-10.34.00:921][  0]LogHMD: Failed to initialize OpenVR with code 110
[2019.10.17-10.34.00:921][  0]LogStats: UGameplayTagsManager::InitializeManager -  0.000 s
[2019.10.17-10.34.01:249][  0]LogInit: Initializing FReadOnlyCVARCache
[2019.10.17-10.34.01:263][  0]LogAIModule: Creating AISystem for world Untitled
[2019.10.17-10.34.01:285][  0]LogInit: XAudio2 using 'Speakers (Realtek(R) Audio)' : 6 channels at 48 kHz using 32 bits per sample (channel mask 0x3f)
[2019.10.17-10.34.01:345][  0]LogInit: FAudioDevice initialized.
[2019.10.17-10.34.01:345][  0]LogNetVersion: Set ProjectVersion to 1.0.0.0. Version Checksum will be recalculated on next use.
[2019.10.17-10.34.01:441][  0]LogDerivedDataCache: Saved boot cache 0.10s 77MB C:/Users/Lovberg/AppData/Local/UnrealEngine/4.23/DerivedDataCache/Boot.ddc.
[2019.10.17-10.34.01:446][  0]LogInit: Texture streaming: Enabled
[2019.10.17-10.34.01:464][  0]LogEngineSessionManager: EngineSessionManager initialized
[2019.10.17-10.34.01:519][  0]LogInit: Transaction tracking system initialized
[2019.10.17-10.34.01:556][  0]BlueprintLog: New page: Editor Load
[2019.10.17-10.34.01:645][  0]LocalizationService: Localization service is disabled
[2019.10.17-10.34.02:019][  0]LogFileCache: Scanning file cache for directory 'C:/Users/Lovberg/Projects/FutureGames/UnrealPatrolAI/UnrealAI/Content/' took 0.00s
[2019.10.17-10.34.02:019][  0]LogCook: Display: Max memory allowance for cook 16384mb min free memory 0mb
[2019.10.17-10.34.02:019][  0]LogCook: Display: Mobile HDR setting 1
[2019.10.17-10.34.02:328][  0]SourceControl: Source control is disabled
[2019.10.17-10.34.02:328][  0]Cmd: MAP LOAD FILE="../../../../../../Users/Lovberg/Projects/FutureGames/UnrealPatrolAI/UnrealAI/Content/TopDownCPP/Maps/TopDownExampleMap.umap" TEMPLATE=0 SHOWPROGRESS=1 FEATURELEVEL=3
[2019.10.17-10.34.02:328][  0]LightingResults: New page: Lighting Build
[2019.10.17-10.34.02:331][  0]LogWorld: UWorld::CleanupWorld for Untitled, bSessionEnded=true, bCleanupResources=true
[2019.10.17-10.34.02:331][  0]MapCheck: New page: Map Check
[2019.10.17-10.34.02:331][  0]LightingResults: New page: Lighting Build
[2019.10.17-10.34.02:357][  0]LogUObjectHash: Compacting FUObjectHashTables data took   1.69ms
[2019.10.17-10.34.02:514][  0]LogAIModule: Creating AISystem for world TopDownExampleMap
[2019.10.17-10.34.02:533][  0]LogEditorServer: Finished looking for orphan Actors (0.000 secs)
[2019.10.17-10.34.02:562][  0]LogUObjectHash: Compacting FUObjectHashTables data took   1.63ms
[2019.10.17-10.34.02:563][  0]Cmd: MAP CHECKDEP NOCLEARLOG
[2019.10.17-10.34.02:563][  0]MapCheck: Map check complete: 0 Error(s), 0 Warning(s), took 0,109ms to complete.
[2019.10.17-10.34.02:563][  0]LogFileHelpers: Loading map 'TopDownExampleMap' took 0.235
[2019.10.17-10.34.02:722][  0]LogSlate: Updating window title bar state: overlay mode, drag disabled, window buttons hidden, title bar hidden
[2019.10.17-10.34.02:728][  0]LogSlate: Updating window title bar state: overlay mode, drag disabled, window buttons hidden, title bar hidden
[2019.10.17-10.34.02:734][  0]LogSlate: Updating window title bar state: overlay mode, drag disabled, window buttons hidden, title bar hidden
[2019.10.17-10.34.02:739][  0]LogSlate: Updating window title bar state: overlay mode, drag disabled, window buttons hidden, title bar hidden
[2019.10.17-10.34.02:754][  0]LogCollectionManager: Loaded 0 collections in 0.001592 seconds
[2019.10.17-10.34.02:774][  0]LogFileCache: Scanning file cache for directory 'C:/Users/Lovberg/Projects/FutureGames/UnrealPatrolAI/UnrealAI/Saved/Collections/' took 0.00s
[2019.10.17-10.34.02:774][  0]LogFileCache: Scanning file cache for directory 'C:/Users/Lovberg/Projects/FutureGames/UnrealPatrolAI/UnrealAI/Content/Developers/Lovberg/Collections/' took 0.00s
[2019.10.17-10.34.02:774][  0]LogFileCache: Scanning file cache for directory 'C:/Users/Lovberg/Projects/FutureGames/UnrealPatrolAI/UnrealAI/Content/Collections/' took 0.00s
[2019.10.17-10.34.02:774][  0]LogCollectionManager: Rebuilt the GUID cache for 0 collections in 0.000002 seconds
[2019.10.17-10.34.02:783][  0]LogContentBrowser: Native class hierarchy populated in 0.0073 seconds. Added 2866 classes and 682 folders.
[2019.10.17-10.34.02:795][  0]LogContentBrowser: Native class hierarchy updated for 'WidgetCarousel' in 0.0002 seconds. Added 0 classes and 0 folders.
[2019.10.17-10.34.03:067][  0]LogContentBrowser: Native class hierarchy updated for 'AddContentDialog' in 0.0002 seconds. Added 0 classes and 0 folders.
[2019.10.17-10.34.03:079][  0]LogContentBrowser: Native class hierarchy updated for 'SceneOutliner' in 0.0002 seconds. Added 1 classes and 2 folders.
[2019.10.17-10.34.03:144][  0]LogSlate: Took 0.006013 seconds to synchronously load lazily loaded font '../../../Engine/Content/Slate/Fonts/Roboto-Regular.ttf' (155K)
[2019.10.17-10.34.03:149][  0]LogSlate: Took 0.004532 seconds to synchronously load lazily loaded font '../../../Engine/Content/Slate/Fonts/Roboto-Bold.ttf' (160K)
[2019.10.17-10.34.03:162][  0]LogSlate: Took 0.005421 seconds to synchronously load lazily loaded font '../../../Engine/Content/Editor/Slate/Fonts/FontAwesome.ttf' (139K)
[2019.10.17-10.34.03:275][  0]LogRenderer: Reallocating scene render targets to support 1616x808 Format 10 NumSamples 1 (Frame:1).
[2019.10.17-10.34.03:450][  0]LogContentBrowser: Native class hierarchy updated for 'HierarchicalLODOutliner' in 0.0002 seconds. Added 0 classes and 0 folders.
[2019.10.17-10.34.03:451][  0]LogLoad: (Engine Initialization) Total time: 16.05 seconds
[2019.10.17-10.34.03:451][  0]LogLoad: (Engine Initialization) Total Blueprint compile time: 0.00 seconds
[2019.10.17-10.34.03:681][  0]LogContentStreaming: Texture pool size now 1000 MB
[2019.10.17-10.34.04:152][  9]LogAssetRegistry: Asset discovery search completed in 8.1865 seconds
[2019.10.17-10.34.04:154][  9]LogCollectionManager: Rebuilt the object cache for 0 collections in 0.000004 seconds (found 0 objects)
[2019.10.17-10.34.04:155][  9]LogCollectionManager: Fixed up redirectors for 0 collections in 0.000047 seconds (updated 0 objects)
[2019.10.17-10.34.04:829][ 11]LogSlate: Took 0.008091 seconds to synchronously load lazily loaded font '../../../Engine/Content/Slate/Fonts/Roboto-Light.ttf' (167K)
[2019.10.17-10.34.35:837][151]LogSlate: FSceneViewport::OnFocusLost() reason 0
[2019.10.17-10.35.44:673][604]LogSlate: Only BGRA pngs, bmps or icos are supported in by External Image Picker
[2019.10.17-10.35.56:230][280]LogSlate: Window 'Project Settings' being destroyed
[2019.10.17-10.35.56:234][280]LogSlate: Window 'Project Settings' being destroyed
[2019.10.17-10.37.17:368][609]LogContentBrowser: Native class hierarchy updated for 'EnvironmentQueryEditor' in 0.0003 seconds. Added 7 classes and 2 folders.
[2019.10.17-10.37.18:965][697]LogSlate: Window 'Editor Preferences' being destroyed
[2019.10.17-10.37.18:969][697]LogSlate: Window 'Editor Preferences' being destroyed
[2019.10.17-10.37.39:709][827]LogEditorViewport: Clicking on Actor (LMB): StaticMeshActor (Floor)
[2019.10.17-10.38.16:507][983]LogSlate: FSceneViewport::OnFocusLost() reason 5
[2019.10.17-10.38.29:481][674]LogAssetEditorManager: Opening Asset editor for EnvQuery /Game/NewEnvQuery.NewEnvQuery
[2019.10.17-10.38.29:565][674]LogSlate: Took 0.004677 seconds to synchronously load lazily loaded font '../../../Engine/Content/Slate/Fonts/Roboto-BoldCondensed.ttf' (158K)
[2019.10.17-10.38.31:186][771]LogSlate: Window 'NewEnvQuery' being destroyed
[2019.10.17-10.38.46:157][413]Cmd: OBJ SAVEPACKAGE PACKAGE="/Game/NewEnvQuery" FILE="../../../../../../Users/Lovberg/Projects/FutureGames/UnrealPatrolAI/UnrealAI/Content/NewEnvQuery.uasset" SILENT=true
[2019.10.17-10.38.46:170][413]LogSavePackage: Moving '../../../../../../Users/Lovberg/Projects/FutureGames/UnrealPatrolAI/UnrealAI/Saved/NewEnvQueryDA4416144ABDC61DA67837B78B5777E7.tmp' to '../../../../../../Users/Lovberg/Projects/FutureGames/UnrealPatrolAI/UnrealAI/Content/NewEnvQuery.uasset'
[2019.10.17-10.39.56:640][ 25]LogSlate: Window 'Editor Preferences' being destroyed
[2019.10.17-10.39.56:648][ 25]LogSlate: Window 'Editor Preferences' being destroyed
[2019.10.17-10.41.23:833][356]Cmd: OBJ SAVEPACKAGE PACKAGE="/Game/NewEnvQuery" FILE="../../../../../../Users/Lovberg/Projects/FutureGames/UnrealPatrolAI/UnrealAI/Content/NewEnvQuery.uasset" SILENT=true
[2019.10.17-10.41.23:845][356]LogSavePackage: Moving '../../../../../../Users/Lovberg/Projects/FutureGames/UnrealPatrolAI/UnrealAI/Saved/NewEnvQuery3FE0A5D949B133D8EA43F482034FE026.tmp' to '../../../../../../Users/Lovberg/Projects/FutureGames/UnrealPatrolAI/UnrealAI/Content/NewEnvQuery.uasset'
[2019.10.17-10.41.33:502][589]LogAssetEditorManager: Opening Asset editor for BehaviorTree /Game/Patrol_BT.Patrol_BT
[2019.10.17-10.44.04:051][809]LogUObjectHash: Compacting FUObjectHashTables data took   1.63ms
[2019.10.17-10.44.04:051][809]LogFileHelpers: Editor autosave (incl. sublevels) for '/Game/TopDownCPP/Maps/TopDownExampleMap' took 0.028
[2019.10.17-10.44.04:053][809]OBJ SavePackage: Generating thumbnails for [0] asset(s) in package [/Game/Patrol_BT] ([1] browsable assets)...
[2019.10.17-10.44.04:053][809]OBJ SavePackage: Finished generating thumbnails for package [/Game/Patrol_BT]
[2019.10.17-10.44.04:053][809]Cmd: OBJ SAVEPACKAGE PACKAGE="/Game/Patrol_BT" FILE="../../../../../../Users/Lovberg/Projects/FutureGames/UnrealPatrolAI/UnrealAI/Saved/Autosaves/Game/Patrol_BT_Auto1.uasset" SILENT=false AUTOSAVING=true
[2019.10.17-10.44.04:069][809]LogSavePackage: Moving '../../../../../../Users/Lovberg/Projects/FutureGames/UnrealPatrolAI/UnrealAI/Saved/Patrol_BT_Auto1C056BD4E4B692587076F14BC08B5BC41.tmp' to '../../../../../../Users/Lovberg/Projects/FutureGames/UnrealPatrolAI/UnrealAI/Saved/Autosaves/Game/Patrol_BT_Auto1.uasset'
[2019.10.17-10.44.04:069][809]LogFileHelpers: Auto-saving content packages took 0.018
[2019.10.17-10.54.04:760][764]LogUObjectHash: Compacting FUObjectHashTables data took   1.16ms
[2019.10.17-10.54.04:760][764]LogFileHelpers: Editor autosave (incl. sublevels) for '/Game/TopDownCPP/Maps/TopDownExampleMap' took 0.028
[2019.10.17-10.54.04:761][764]OBJ SavePackage: Generating thumbnails for [0] asset(s) in package [/Game/Patrol_BT] ([1] browsable assets)...
[2019.10.17-10.54.04:761][764]OBJ SavePackage: Finished generating thumbnails for package [/Game/Patrol_BT]
[2019.10.17-10.54.04:761][764]Cmd: OBJ SAVEPACKAGE PACKAGE="/Game/Patrol_BT" FILE="../../../../../../Users/Lovberg/Projects/FutureGames/UnrealPatrolAI/UnrealAI/Saved/Autosaves/Game/Patrol_BT_Auto2.uasset" SILENT=false AUTOSAVING=true
[2019.10.17-10.54.04:776][764]LogSavePackage: Moving '../../../../../../Users/Lovberg/Projects/FutureGames/UnrealPatrolAI/UnrealAI/Saved/Patrol_BT_Auto2191F9B6C4E3AC6DEFEE8CAB47EE57F78.tmp' to '../../../../../../Users/Lovberg/Projects/FutureGames/UnrealPatrolAI/UnrealAI/Saved/Autosaves/Game/Patrol_BT_Auto2.uasset'
[2019.10.17-10.54.04:776][764]LogFileHelpers: Auto-saving content packages took 0.016
[2019.10.17-11.32.59:843][698]LogInit: XAudio2 using 'Speakers (Realtek(R) Audio)' : 6 channels at 48 kHz using 32 bits per sample (channel mask 0x3f)
[2019.10.17-11.37.53:646][736]LogAssetEditorManager: Opening Asset editor for Blueprint /Game/NPC.NPC
[2019.10.17-11.37.53:938][736]LogContentBrowser: Native class hierarchy updated for 'BlueprintGraph' in 0.0005 seconds. Added 121 classes and 0 folders.
[2019.10.17-11.37.56:797][864]LogWorld: UWorld::CleanupWorld for World_2, bSessionEnded=true, bCleanupResources=true
[2019.10.17-11.37.56:839][864]LogAssetEditorManager: Opening Asset editor for Blueprint /Game/NPC.NPC
[2019.10.17-11.37.57:216][870]LogSlate: Took 0.004209 seconds to synchronously load lazily loaded font '../../../Engine/Content/Slate/Fonts/Roboto-Italic.ttf' (157K)
[2019.10.17-11.38.03:386][241]LogHttp: Warning: 000001301504E200: invalid HTTP response code received. URL: https://datarouter.ol.epicgames.com/datarouter/api/v1/public/data?SessionID=%7B764016A5-43FC-05D2-E169-AD9E7572A0B8%7D&AppID=UEEditor.Rocket.Release&AppVersion=4.23.0-8386587%2B%2B%2BUE4%2BRelease-4.23&UserID=696b5b8b4b2425b04e5fd982c973c899%7Cd62bb9a1b748493aadf3c46a0d64e182%7C8ab9ce3d-66af-4f9e-b187-5b61836e737a&AppEnvironment=datacollector-binary&UploadType=eteventstream, HTTP code: 0, content length: -1, actual payload size: 0
[2019.10.17-11.38.03:386][241]LogHttp: Warning: 000001301504E200: request failed, libcurl error: 0 (No error)
[2019.10.17-11.38.03:386][241]LogHttp: Warning: 000001301504E200: libcurl info message cache 0 (Found bundle for host datarouter.ol.epicgames.com: 0x12fb4997f70 [can pipeline])
[2019.10.17-11.38.03:386][241]LogHttp: Warning: 000001301504E200: libcurl info message cache 1 (Re-using existing connection! (#27) with host datarouter.ol.epicgames.com)
[2019.10.17-11.38.03:386][241]LogHttp: Warning: 000001301504E200: libcurl info message cache 2 (Connected to datarouter.ol.epicgames.com (18.232.220.76) port 443 (#27))
[2019.10.17-11.38.03:386][241]LogHttp: Warning: 000001301504E200: libcurl info message cache 3 (We are completely uploaded and fine)
[2019.10.17-11.38.03:386][241]LogHttp: Warning: 000001301504E200: libcurl info message cache 4 (TLSv1.2 (IN), TLS alert, Client hello (1):)
[2019.10.17-11.38.03:386][241]LogHttp: Warning: 000001301504E200: libcurl info message cache 5 (Connection died, retrying a fresh connect)
[2019.10.17-11.38.03:386][241]LogHttp: Warning: 000001301504E200: libcurl info message cache 6 (necessary data rewind wasn't possible)
[2019.10.17-11.38.03:386][241]LogHttp: Warning: 000001301504E200: libcurl info message cache 7 (Closing connection 27)
[2019.10.17-11.38.03:386][241]LogHttp: Warning: 000001301504E200: libcurl info message cache 8 (TLSv1.2 (OUT), TLS alert, Client hello (1):)
[2019.10.17-11.38.03:403][242]LogHttp: Warning: Retry exhausted on https://datarouter.ol.epicgames.com/datarouter/api/v1/public/data?SessionID=%7B764016A5-43FC-05D2-E169-AD9E7572A0B8%7D&AppID=UEEditor.Rocket.Release&AppVersion=4.23.0-8386587%2B%2B%2BUE4%2BRelease-4.23&UserID=696b5b8b4b2425b04e5fd982c973c899%7Cd62bb9a1b748493aadf3c46a0d64e182%7C8ab9ce3d-66af-4f9e-b187-5b61836e737a&AppEnvironment=datacollector-binary&UploadType=eteventstream
[2019.10.17-11.38.23:433][663]LogSlate: Window 'Pick Parent Class' being destroyed
[2019.10.17-11.38.29:607][ 22]LogPackageName: SearchForPackageOnDisk took   0.000s, but failed to resolve /Game/BP_EQSTestingPawn.
[2019.10.17-11.38.29:613][ 22]LogPackageName: SearchForPackageOnDisk took   0.000s, but failed to resolve /Game/BP_EQSTestingPawn.
[2019.10.17-11.38.31:490][134]LogAssetEditorManager: Opening Asset editor for Blueprint /Game/BP_EQSTestingPawn.BP_EQSTestingPawn
[2019.10.17-11.38.31:775][135]LogRenderer: Reallocating scene render targets to support 1616x1260 Format 10 NumSamples 1 (Frame:1).
[2019.10.17-11.39.24:024][264]LogSlate: FSceneViewport::OnFocusLost() reason 0
[2019.10.17-11.43.05:792][ 57]LogSlate: FSceneViewport::OnFocusLost() reason 5
[2019.10.17-11.43.29:013][822]LogSlate: FSceneViewport::OnFocusLost() reason 5
[2019.10.17-11.43.29:072][822]LogUObjectHash: Compacting FUObjectHashTables data took   2.74ms
[2019.10.17-11.43.29:247][822]LogSavePackage: Moving '../../../../../../Users/Lovberg/Projects/FutureGames/UnrealPatrolAI/UnrealAI/Saved/TopDownExampleMapC3AA92D04C7F2DB7469E5AA0AEFC143E.tmp' to '../../../../../../Users/Lovberg/Projects/FutureGames/UnrealPatrolAI/UnrealAI/Content/TopDownCPP/Maps/TopDownExampleMap.umap'
[2019.10.17-11.43.29:378][822]LogSavePackage: Moving '../../../../../../Users/Lovberg/Projects/FutureGames/UnrealPatrolAI/UnrealAI/Saved/TopDownExampleMap_BuiltDataA12C59D7454CD4F8C85AE881C665003A.tmp' to '../../../../../../Users/Lovberg/Projects/FutureGames/UnrealPatrolAI/UnrealAI/Content/TopDownCPP/Maps/TopDownExampleMap_BuiltData.uasset'
[2019.10.17-11.48.50:525][952]LogSlate: Window 'Pick Parent Class' being destroyed
[2019.10.17-11.48.59:127][456]LogPackageName: SearchForPackageOnDisk took   0.000s, but failed to resolve /Game/EQSContext_Player.
[2019.10.17-11.48.59:133][456]LogPackageName: SearchForPackageOnDisk took   0.000s, but failed to resolve /Game/EQSContext_Player.
[2019.10.17-11.49.05:131][527]LogAssetEditorManager: Opening Asset editor for Blueprint /Game/EQSContext_Player.EQSContext_Player
[2019.10.17-11.49.40:766][278]BlueprintLog: New page: Compile EQSContext_Player
[2019.10.17-11.49.40:798][278]LogUObjectHash: Compacting FUObjectHashTables data took   2.45ms
[2019.10.17-11.49.41:346][310]Cmd: OBJ SAVEPACKAGE PACKAGE="/Game/EQSContext_Player" FILE="../../../../../../Users/Lovberg/Projects/FutureGames/UnrealPatrolAI/UnrealAI/Content/EQSContext_Player.uasset" SILENT=true
[2019.10.17-11.49.41:357][310]LogSavePackage: Moving '../../../../../../Users/Lovberg/Projects/FutureGames/UnrealPatrolAI/UnrealAI/Saved/EQSContext_PlayerB5CB3EC346A6663F2409059449BA5AD3.tmp' to '../../../../../../Users/Lovberg/Projects/FutureGames/UnrealPatrolAI/UnrealAI/Content/EQSContext_Player.uasset'
[2019.10.17-11.49.41:365][310]LogPackageName: SearchForPackageOnDisk took   0.000s to resolve /Game/EQSContext_Player.
[2019.10.17-11.49.41:369][310]LogPackageName: SearchForPackageOnDisk took   0.000s to resolve /Game/EQSContext_Player.
[2019.10.17-11.49.45:116][534]Cmd: OBJ SAVEPACKAGE PACKAGE="/Game/BP_EQSTestingPawn" FILE="../../../../../../Users/Lovberg/Projects/FutureGames/UnrealPatrolAI/UnrealAI/Content/BP_EQSTestingPawn.uasset" SILENT=true
[2019.10.17-11.49.45:127][534]LogSavePackage: Moving '../../../../../../Users/Lovberg/Projects/FutureGames/UnrealPatrolAI/UnrealAI/Saved/BP_EQSTestingPawn3962C8E945F0BDF93E964DA87CD28BC9.tmp' to '../../../../../../Users/Lovberg/Projects/FutureGames/UnrealPatrolAI/UnrealAI/Content/BP_EQSTestingPawn.uasset'
[2019.10.17-11.49.45:136][534]LogPackageName: SearchForPackageOnDisk took   0.000s to resolve /Game/BP_EQSTestingPawn.
[2019.10.17-11.49.45:141][534]LogPackageName: SearchForPackageOnDisk took   0.000s to resolve /Game/BP_EQSTestingPawn.
[2019.10.17-11.50.05:351][363]LogSlate: Prevented a slow task dialog from being summoned while a context menu was open
[2019.10.17-11.50.07:256][477]LogEQS: Warning: FEnvQuery::PrepareContext found 1 invalid vectors from context /Game/EQSContext_Player.EQSContext_Player_C
[2019.10.17-11.50.07:256][477]LogEQS: Warning: FEnvQuery::PrepareContext found 1 invalid vectors from context /Game/EQSContext_Player.EQSContext_Player_C
[2019.10.17-11.50.09:240][596]LogEQS: Warning: FEnvQuery::PrepareContext found 1 invalid vectors from context /Game/EQSContext_Player.EQSContext_Player_C
[2019.10.17-11.50.09:240][596]LogEQS: Warning: FEnvQuery::PrepareContext found 1 invalid vectors from context /Game/EQSContext_Player.EQSContext_Player_C
[2019.10.17-11.50.09:259][596]Cmd: OBJ SAVEPACKAGE PACKAGE="/Game/NewEnvQuery" FILE="../../../../../../Users/Lovberg/Projects/FutureGames/UnrealPatrolAI/UnrealAI/Content/NewEnvQuery.uasset" SILENT=true
[2019.10.17-11.50.09:271][596]LogSavePackage: Moving '../../../../../../Users/Lovberg/Projects/FutureGames/UnrealPatrolAI/UnrealAI/Saved/NewEnvQueryC13EA925483BAE22FB63839630A552A9.tmp' to '../../../../../../Users/Lovberg/Projects/FutureGames/UnrealPatrolAI/UnrealAI/Content/NewEnvQuery.uasset'
[2019.10.17-11.51.03:930][449]LogEQS: Warning: FEnvQuery::PrepareContext found 1 invalid vectors from context /Game/EQSContext_Player.EQSContext_Player_C
[2019.10.17-11.51.03:930][449]LogEQS: Warning: FEnvQuery::PrepareContext found 1 invalid vectors from context /Game/EQSContext_Player.EQSContext_Player_C
[2019.10.17-11.51.30:322][250]LogEQS: Warning: FEnvQuery::PrepareContext found 1 invalid vectors from context /Game/EQSContext_Player.EQSContext_Player_C
[2019.10.17-11.52.04:907][542]LogEQS: Warning: FEnvQuery::PrepareContext found 1 invalid vectors from context /Game/EQSContext_Player.EQSContext_Player_C
[2019.10.17-11.52.04:922][542]Cmd: OBJ SAVEPACKAGE PACKAGE="/Game/NewEnvQuery" FILE="../../../../../../Users/Lovberg/Projects/FutureGames/UnrealPatrolAI/UnrealAI/Content/NewEnvQuery.uasset" SILENT=true
[2019.10.17-11.52.04:930][542]LogSavePackage: Moving '../../../../../../Users/Lovberg/Projects/FutureGames/UnrealPatrolAI/UnrealAI/Saved/NewEnvQuery89282D7949597C8EA46051A863BCD390.tmp' to '../../../../../../Users/Lovberg/Projects/FutureGames/UnrealPatrolAI/UnrealAI/Content/NewEnvQuery.uasset'
[2019.10.17-11.52.25:299][534]LogEQS: Warning: FEnvQuery::PrepareContext found 1 invalid vectors from context /Game/EQSContext_Player.EQSContext_Player_C
[2019.10.17-11.52.26:849][627]LogEQS: Warning: FEnvQuery::PrepareContext found 1 invalid vectors from context /Game/EQSContext_Player.EQSContext_Player_C
[2019.10.17-11.52.26:869][627]Cmd: OBJ SAVEPACKAGE PACKAGE="/Game/NewEnvQuery" FILE="../../../../../../Users/Lovberg/Projects/FutureGames/UnrealPatrolAI/UnrealAI/Content/NewEnvQuery.uasset" SILENT=true
[2019.10.17-11.52.26:877][627]LogSavePackage: Moving '../../../../../../Users/Lovberg/Projects/FutureGames/UnrealPatrolAI/UnrealAI/Saved/NewEnvQuery3ABEA99740903E88378DF296B8BF28A2.tmp' to '../../../../../../Users/Lovberg/Projects/FutureGames/UnrealPatrolAI/UnrealAI/Content/NewEnvQuery.uasset'
[2019.10.17-11.52.30:427][830]LogEQS: Warning: FEnvQuery::PrepareContext found 1 invalid vectors from context /Game/EQSContext_Player.EQSContext_Player_C
[2019.10.17-11.52.34:519][ 72]LogSlate: FSceneViewport::OnFocusLost() reason 0
[2019.10.17-11.52.34:696][ 82]LogAssetEditorManager: Opening Asset editor for EnvQuery /Game/NewEnvQuery.NewEnvQuery
[2019.10.17-11.52.34:699][ 82]LogEQS: Warning: FEnvQuery::PrepareContext found 1 invalid vectors from context /Game/EQSContext_Player.EQSContext_Player_C
[2019.10.17-11.52.34:715][ 82]LogEQS: Warning: FEnvQuery::PrepareContext found 1 invalid vectors from context /Game/EQSContext_Player.EQSContext_Player_C
[2019.10.17-11.52.58:329][535]LogUObjectHash: Compacting FUObjectHashTables data took   2.50ms
[2019.10.17-11.52.58:489][535]LogSavePackage: Moving '../../../../../../Users/Lovberg/Projects/FutureGames/UnrealPatrolAI/UnrealAI/Saved/TopDownExampleMap4DCF7B8945C6BB3C42E89FB8A985F90A.tmp' to '../../../../../../Users/Lovberg/Projects/FutureGames/UnrealPatrolAI/UnrealAI/Content/TopDownCPP/Maps/TopDownExampleMap.umap'
[2019.10.17-11.52.58:589][535]LogSavePackage: Moving '../../../../../../Users/Lovberg/Projects/FutureGames/UnrealPatrolAI/UnrealAI/Saved/TopDownExampleMap_BuiltDataE958BB0048C0771C29F4B3B25213711B.tmp' to '../../../../../../Users/Lovberg/Projects/FutureGames/UnrealPatrolAI/UnrealAI/Content/TopDownCPP/Maps/TopDownExampleMap_BuiltData.uasset'
[2019.10.17-11.53.02:466][765]LogSlate: FSceneViewport::OnFocusLost() reason 0
[2019.10.17-11.53.05:564][950]Cmd: OBJ SAVEPACKAGE PACKAGE="/Game/Patrol_BT" FILE="../../../../../../Users/Lovberg/Projects/FutureGames/UnrealPatrolAI/UnrealAI/Content/Patrol_BT.uasset" SILENT=true
[2019.10.17-11.53.05:578][950]LogSavePackage: Moving '../../../../../../Users/Lovberg/Projects/FutureGames/UnrealPatrolAI/UnrealAI/Saved/Patrol_BT1328F69C408ECF8D8581959272D38B28.tmp' to '../../../../../../Users/Lovberg/Projects/FutureGames/UnrealPatrolAI/UnrealAI/Content/Patrol_BT.uasset'
[2019.10.17-11.53.07:419][ 57]LogTemp: Repeating last play command: Selected Viewport
[2019.10.17-11.53.07:440][ 57]LogBlueprintUserMessages: Early PlayInEditor Detection: Level '/Game/TopDownCPP/Maps/TopDownExampleMap.TopDownExampleMap:PersistentLevel' has LevelScriptBlueprint '/Game/TopDownCPP/Maps/TopDownExampleMap.TopDownExampleMap:PersistentLevel.TopDownExampleMap' with GeneratedClass '/Game/TopDownCPP/Maps/TopDownExampleMap.TopDownExampleMap_C' with ClassGeneratedBy '/Game/TopDownCPP/Maps/TopDownExampleMap.TopDownExampleMap:PersistentLevel.TopDownExampleMap'
[2019.10.17-11.53.07:442][ 57]LogPlayLevel: PlayLevel: No blueprints needed recompiling
[2019.10.17-11.53.07:445][ 57]PIE: New page: PIE session: TopDownExampleMap (17 okt 2019 15:53:07)
[2019.10.17-11.53.07:447][ 57]LogOnline: OSS: Creating online subsystem instance for: NULL
[2019.10.17-11.53.07:448][ 57]LogPlayLevel: Creating play world package: /Game/TopDownCPP/Maps/UEDPIE_0_TopDownExampleMap
[2019.10.17-11.53.07:460][ 57]LogPlayLevel: PIE: StaticDuplicateObject took: (0.012048s)
[2019.10.17-11.53.07:461][ 57]LogAIModule: Creating AISystem for world TopDownExampleMap
[2019.10.17-11.53.07:462][ 57]LogPlayLevel: PIE: World Init took: (0.000935s)
[2019.10.17-11.53.07:462][ 57]LogPlayLevel: PIE: Created PIE world by copying editor world from /Game/TopDownCPP/Maps/TopDownExampleMap.TopDownExampleMap to /Game/TopDownCPP/Maps/UEDPIE_0_TopDownExampleMap.TopDownExampleMap (0.013392s)
[2019.10.17-11.53.07:492][ 57]LogUObjectHash: Compacting FUObjectHashTables data took   2.30ms
[2019.10.17-11.53.07:506][ 57]LogInit: XAudio2 using 'Speakers (Realtek(R) Audio)' : 6 channels at 48 kHz using 32 bits per sample (channel mask 0x3f)
[2019.10.17-11.53.07:549][ 57]LogInit: FAudioDevice initialized.
[2019.10.17-11.53.07:561][ 57]LogLoad: Game class is 'UnrealAIGameMode'
[2019.10.17-11.53.07:565][ 57]LogWorld: Bringing World /Game/TopDownCPP/Maps/UEDPIE_0_TopDownExampleMap.TopDownExampleMap up for play (max tick rate 60) at 2019.10.17-13.53.07
[2019.10.17-11.53.07:570][ 57]LogWorld: Bringing up level for play took: 0.005715
[2019.10.17-11.53.07:571][ 57]LogOnline: OSS: Creating online subsystem instance for: :Context_8
[2019.10.17-11.53.07:585][ 57]LogContentBrowser: Native class hierarchy updated for 'MovieSceneCapture' in 0.0003 seconds. Added 20 classes and 0 folders.
[2019.10.17-11.53.07:587][ 57]PIE: Play in editor start time for /Game/TopDownCPP/Maps/UEDPIE_0_TopDownExampleMap 0,704
[2019.10.17-11.53.07:587][ 57]LogBlueprintUserMessages: Late PlayInEditor Detection: Level '/Game/TopDownCPP/Maps/TopDownExampleMap.TopDownExampleMap:PersistentLevel' has LevelScriptBlueprint '/Game/TopDownCPP/Maps/TopDownExampleMap.TopDownExampleMap:PersistentLevel.TopDownExampleMap' with GeneratedClass '/Game/TopDownCPP/Maps/TopDownExampleMap.TopDownExampleMap_C' with ClassGeneratedBy '/Game/TopDownCPP/Maps/TopDownExampleMap.TopDownExampleMap:PersistentLevel.TopDownExampleMap'
[2019.10.17-11.53.29:744][372]LogSlate: FSceneViewport::OnFocusLost() reason 0
[2019.10.17-11.53.29:828][377]LogBlueprintUserMessages: Early EndPlayMap Detection: Level '/Game/TopDownCPP/Maps/TopDownExampleMap.TopDownExampleMap:PersistentLevel' has LevelScriptBlueprint '/Game/TopDownCPP/Maps/TopDownExampleMap.TopDownExampleMap:PersistentLevel.TopDownExampleMap' with GeneratedClass '/Game/TopDownCPP/Maps/TopDownExampleMap.TopDownExampleMap_C' with ClassGeneratedBy '/Game/TopDownCPP/Maps/TopDownExampleMap.TopDownExampleMap:PersistentLevel.TopDownExampleMap'
[2019.10.17-11.53.29:830][377]LogSlate: Updating window title bar state: overlay mode, drag disabled, window buttons hidden, title bar hidden
[2019.10.17-11.53.29:830][377]LogWorld: BeginTearingDown for /Game/TopDownCPP/Maps/UEDPIE_0_TopDownExampleMap
[2019.10.17-11.53.29:831][377]LogWorld: UWorld::CleanupWorld for TopDownExampleMap, bSessionEnded=true, bCleanupResources=true
[2019.10.17-11.53.29:845][377]LogPlayLevel: Display: Shutting down PIE online subsystems
[2019.10.17-11.53.29:845][377]LogBlueprintUserMessages: Late EndPlayMap Detection: Level '/Game/TopDownCPP/Maps/TopDownExampleMap.TopDownExampleMap:PersistentLevel' has LevelScriptBlueprint '/Game/TopDownCPP/Maps/TopDownExampleMap.TopDownExampleMap:PersistentLevel.TopDownExampleMap' with GeneratedClass '/Game/TopDownCPP/Maps/TopDownExampleMap.TopDownExampleMap_C' with ClassGeneratedBy '/Game/TopDownCPP/Maps/TopDownExampleMap.TopDownExampleMap:PersistentLevel.TopDownExampleMap'
[2019.10.17-11.53.29:889][377]LogSlate: Updating window title bar state: overlay mode, drag disabled, window buttons hidden, title bar hidden
[2019.10.17-11.53.29:907][377]LogUObjectHash: Compacting FUObjectHashTables data took   3.42ms
[2019.10.17-11.53.29:939][379]LogPlayLevel: Display: Destroying online subsystem :Context_8
[2019.10.17-11.54.43:010][800]LogSlate: FSceneViewport::OnFocusLost() reason 0
[2019.10.17-11.55.00:237][832]Cmd: OBJ SAVEPACKAGE PACKAGE="/Game/Patrol_BT" FILE="../../../../../../Users/Lovberg/Projects/FutureGames/UnrealPatrolAI/UnrealAI/Content/Patrol_BT.uasset" SILENT=true
[2019.10.17-11.55.00:248][832]LogSavePackage: Moving '../../../../../../Users/Lovberg/Projects/FutureGames/UnrealPatrolAI/UnrealAI/Saved/Patrol_BTE324A2F345412934C7E8D1B695B85F39.tmp' to '../../../../../../Users/Lovberg/Projects/FutureGames/UnrealPatrolAI/UnrealAI/Content/Patrol_BT.uasset'
[2019.10.17-11.55.01:735][921]LogTemp: Repeating last play command: Selected Viewport
[2019.10.17-11.55.01:751][921]LogBlueprintUserMessages: Early PlayInEditor Detection: Level '/Game/TopDownCPP/Maps/TopDownExampleMap.TopDownExampleMap:PersistentLevel' has LevelScriptBlueprint '/Game/TopDownCPP/Maps/TopDownExampleMap.TopDownExampleMap:PersistentLevel.TopDownExampleMap' with GeneratedClass '/Game/TopDownCPP/Maps/TopDownExampleMap.TopDownExampleMap_C' with ClassGeneratedBy '/Game/TopDownCPP/Maps/TopDownExampleMap.TopDownExampleMap:PersistentLevel.TopDownExampleMap'
[2019.10.17-11.55.01:752][921]LogPlayLevel: PlayLevel: No blueprints needed recompiling
[2019.10.17-11.55.01:752][921]PIE: New page: PIE session: TopDownExampleMap (17 okt 2019 15:55:01)
[2019.10.17-11.55.01:752][921]LogPlayLevel: Creating play world package: /Game/TopDownCPP/Maps/UEDPIE_0_TopDownExampleMap
[2019.10.17-11.55.01:762][921]LogPlayLevel: PIE: StaticDuplicateObject took: (0.009843s)
[2019.10.17-11.55.01:763][921]LogAIModule: Creating AISystem for world TopDownExampleMap
[2019.10.17-11.55.01:763][921]LogPlayLevel: PIE: World Init took: (0.000899s)
[2019.10.17-11.55.01:763][921]LogPlayLevel: PIE: Created PIE world by copying editor world from /Game/TopDownCPP/Maps/TopDownExampleMap.TopDownExampleMap to /Game/TopDownCPP/Maps/UEDPIE_0_TopDownExampleMap.TopDownExampleMap (0.010853s)
[2019.10.17-11.55.01:800][921]LogUObjectHash: Compacting FUObjectHashTables data took   2.78ms
[2019.10.17-11.55.01:811][921]LogInit: XAudio2 using 'Speakers (Realtek(R) Audio)' : 6 channels at 48 kHz using 32 bits per sample (channel mask 0x3f)
[2019.10.17-11.55.01:854][921]LogInit: FAudioDevice initialized.
[2019.10.17-11.55.01:862][921]LogLoad: Game class is 'UnrealAIGameMode'
[2019.10.17-11.55.01:864][921]LogWorld: Bringing World /Game/TopDownCPP/Maps/UEDPIE_0_TopDownExampleMap.TopDownExampleMap up for play (max tick rate 60) at 2019.10.17-13.55.01
[2019.10.17-11.55.01:865][921]LogWorld: Bringing up level for play took: 0.001622
[2019.10.17-11.55.01:865][921]LogOnline: OSS: Creating online subsystem instance for: :Context_9
[2019.10.17-11.55.01:867][921]PIE: Play in editor start time for /Game/TopDownCPP/Maps/UEDPIE_0_TopDownExampleMap 0,984
[2019.10.17-11.55.01:867][921]LogBlueprintUserMessages: Late PlayInEditor Detection: Level '/Game/TopDownCPP/Maps/TopDownExampleMap.TopDownExampleMap:PersistentLevel' has LevelScriptBlueprint '/Game/TopDownCPP/Maps/TopDownExampleMap.TopDownExampleMap:PersistentLevel.TopDownExampleMap' with GeneratedClass '/Game/TopDownCPP/Maps/TopDownExampleMap.TopDownExampleMap_C' with ClassGeneratedBy '/Game/TopDownCPP/Maps/TopDownExampleMap.TopDownExampleMap:PersistentLevel.TopDownExampleMap'
[2019.10.17-11.55.33:281][569]LogSlate: FSceneViewport::OnFocusLost() reason 0
[2019.10.17-11.55.36:150][741]LogBlueprintUserMessages: Early EndPlayMap Detection: Level '/Game/TopDownCPP/Maps/TopDownExampleMap.TopDownExampleMap:PersistentLevel' has LevelScriptBlueprint '/Game/TopDownCPP/Maps/TopDownExampleMap.TopDownExampleMap:PersistentLevel.TopDownExampleMap' with GeneratedClass '/Game/TopDownCPP/Maps/TopDownExampleMap.TopDownExampleMap_C' with ClassGeneratedBy '/Game/TopDownCPP/Maps/TopDownExampleMap.TopDownExampleMap:PersistentLevel.TopDownExampleMap'
[2019.10.17-11.55.36:152][741]LogSlate: Updating window title bar state: overlay mode, drag disabled, window buttons hidden, title bar hidden
[2019.10.17-11.55.36:153][741]LogWorld: BeginTearingDown for /Game/TopDownCPP/Maps/UEDPIE_0_TopDownExampleMap
[2019.10.17-11.55.36:153][741]LogWorld: UWorld::CleanupWorld for TopDownExampleMap, bSessionEnded=true, bCleanupResources=true
[2019.10.17-11.55.36:165][741]LogPlayLevel: Display: Shutting down PIE online subsystems
[2019.10.17-11.55.36:165][741]LogBlueprintUserMessages: Late EndPlayMap Detection: Level '/Game/TopDownCPP/Maps/TopDownExampleMap.TopDownExampleMap:PersistentLevel' has LevelScriptBlueprint '/Game/TopDownCPP/Maps/TopDownExampleMap.TopDownExampleMap:PersistentLevel.TopDownExampleMap' with GeneratedClass '/Game/TopDownCPP/Maps/TopDownExampleMap.TopDownExampleMap_C' with ClassGeneratedBy '/Game/TopDownCPP/Maps/TopDownExampleMap.TopDownExampleMap:PersistentLevel.TopDownExampleMap'
[2019.10.17-11.55.36:205][741]LogSlate: Updating window title bar state: overlay mode, drag disabled, window buttons hidden, title bar hidden
[2019.10.17-11.55.36:209][741]LogUObjectHash: Compacting FUObjectHashTables data took   2.60ms
[2019.10.17-11.55.36:256][744]LogPlayLevel: Display: Destroying online subsystem :Context_9
[2019.10.17-11.55.54:937][731]LogSlate: Prevented a slow task dialog from being summoned while a context menu was open
[2019.10.17-11.55.55:710][777]LogEQS: Warning: FEnvQuery::PrepareContext found 1 invalid vectors from context /Game/EQSContext_Player.EQSContext_Player_C
[2019.10.17-11.55.55:710][777]LogEQS: Warning: FEnvQuery::PrepareContext found 1 invalid vectors from context /Game/EQSContext_Player.EQSContext_Player_C
[2019.10.17-11.56.03:983][853]LogHttp: Warning: 0000012F86785580: invalid HTTP response code received. URL: https://datarouter.ol.epicgames.com/datarouter/api/v1/public/data?SessionID=%7B764016A5-43FC-05D2-E169-AD9E7572A0B8%7D&AppID=UEEditor.Rocket.Release&AppVersion=4.23.0-8386587%2B%2B%2BUE4%2BRelease-4.23&UserID=696b5b8b4b2425b04e5fd982c973c899%7Cd62bb9a1b748493aadf3c46a0d64e182%7C8ab9ce3d-66af-4f9e-b187-5b61836e737a&AppEnvironment=datacollector-binary&UploadType=eteventstream, HTTP code: 0, content length: -1, actual payload size: 0
[2019.10.17-11.56.03:983][853]LogHttp: Warning: 0000012F86785580: request failed, libcurl error: 0 (No error)
[2019.10.17-11.56.03:983][853]LogHttp: Warning: 0000012F86785580: libcurl info message cache 0 (Found bundle for host datarouter.ol.epicgames.com: 0x12fb4997f70 [can pipeline])
[2019.10.17-11.56.03:983][853]LogHttp: Warning: 0000012F86785580: libcurl info message cache 1 (Re-using existing connection! (#35) with host datarouter.ol.epicgames.com)
[2019.10.17-11.56.03:983][853]LogHttp: Warning: 0000012F86785580: libcurl info message cache 2 (Connected to datarouter.ol.epicgames.com (52.200.123.101) port 443 (#35))
[2019.10.17-11.56.03:983][853]LogHttp: Warning: 0000012F86785580: libcurl info message cache 3 (We are completely uploaded and fine)
[2019.10.17-11.56.03:983][853]LogHttp: Warning: 0000012F86785580: libcurl info message cache 4 (TLSv1.2 (IN), TLS alert, Client hello (1):)
[2019.10.17-11.56.03:983][853]LogHttp: Warning: 0000012F86785580: libcurl info message cache 5 (Connection died, retrying a fresh connect)
[2019.10.17-11.56.03:983][853]LogHttp: Warning: 0000012F86785580: libcurl info message cache 6 (necessary data rewind wasn't possible)
[2019.10.17-11.56.03:983][853]LogHttp: Warning: 0000012F86785580: libcurl info message cache 7 (Closing connection 35)
[2019.10.17-11.56.03:983][853]LogHttp: Warning: 0000012F86785580: libcurl info message cache 8 (TLSv1.2 (OUT), TLS alert, Client hello (1):)
[2019.10.17-11.56.04:316][854]LogHttp: Warning: Retry exhausted on https://datarouter.ol.epicgames.com/datarouter/api/v1/public/data?SessionID=%7B764016A5-43FC-05D2-E169-AD9E7572A0B8%7D&AppID=UEEditor.Rocket.Release&AppVersion=4.23.0-8386587%2B%2B%2BUE4%2BRelease-4.23&UserID=696b5b8b4b2425b04e5fd982c973c899%7Cd62bb9a1b748493aadf3c46a0d64e182%7C8ab9ce3d-66af-4f9e-b187-5b61836e737a&AppEnvironment=datacollector-binary&UploadType=eteventstream
[2019.10.17-11.56.26:300][174]LogEQS: Warning: FEnvQuery::PrepareContext found 1 invalid vectors from context /Game/EQSContext_Player.EQSContext_Player_C
[2019.10.17-11.56.26:301][174]LogEQS: Warning: FEnvQuery::PrepareContext found 1 invalid vectors from context /Game/EQSContext_Player.EQSContext_Player_C
[2019.10.17-11.57.00:354][167]LogEQS: Warning: FEnvQuery::PrepareContext found 1 invalid vectors from context /Game/EQSContext_Player.EQSContext_Player_C
[2019.10.17-11.57.00:354][167]LogEQS: Warning: FEnvQuery::PrepareContext found 1 invalid vectors from context /Game/EQSContext_Player.EQSContext_Player_C
[2019.10.17-11.57.04:628][328]LogEQS: Warning: FEnvQuery::PrepareContext found 1 invalid vectors from context /Game/EQSContext_Player.EQSContext_Player_C
[2019.10.17-11.57.04:628][328]LogEQS: Warning: FEnvQuery::PrepareContext found 1 invalid vectors from context /Game/EQSContext_Player.EQSContext_Player_C
[2019.10.17-11.57.16:001][473]LogEQS: Warning: FEnvQuery::PrepareContext found 1 invalid vectors from context /Game/EQSContext_Player.EQSContext_Player_C
[2019.10.17-11.57.16:001][473]LogEQS: Warning: FEnvQuery::PrepareContext found 1 invalid vectors from context /Game/EQSContext_Player.EQSContext_Player_C
[2019.10.17-11.57.16:016][473]Cmd: OBJ SAVEPACKAGE PACKAGE="/Game/NewEnvQuery" FILE="../../../../../../Users/Lovberg/Projects/FutureGames/UnrealPatrolAI/UnrealAI/Content/NewEnvQuery.uasset" SILENT=true
[2019.10.17-11.57.16:026][473]LogSavePackage: Moving '../../../../../../Users/Lovberg/Projects/FutureGames/UnrealPatrolAI/UnrealAI/Saved/NewEnvQuery751F3659482EF79206573DB1225D46C4.tmp' to '../../../../../../Users/Lovberg/Projects/FutureGames/UnrealPatrolAI/UnrealAI/Content/NewEnvQuery.uasset'
[2019.10.17-12.03.55:369][673]LogUObjectHash: Compacting FUObjectHashTables data took   2.05ms
[2019.10.17-12.03.55:570][673]LogSavePackage: Moving '../../../../../../Users/Lovberg/Projects/FutureGames/UnrealPatrolAI/UnrealAI/Saved/TopDownExampleMap_Auto3D05928984B037CBC079789BDA7DE69F4.tmp' to '../../../../../../Users/Lovberg/Projects/FutureGames/UnrealPatrolAI/UnrealAI/Saved/Autosaves/Game/TopDownCPP/Maps/TopDownExampleMap_Auto3.umap'
[2019.10.17-12.03.55:573][673]LogFileHelpers: Editor autosave (incl. sublevels) for '/Game/TopDownCPP/Maps/TopDownExampleMap' took 0.234
[2019.10.17-12.03.55:573][673]LogFileHelpers: Editor autosave (incl. sublevels) for all levels took 0.234
[2019.10.17-12.05.30:801][524]Cmd: OBJ SAVEPACKAGE PACKAGE="/Game/Patrol_BT" FILE="../../../../../../Users/Lovberg/Projects/FutureGames/UnrealPatrolAI/UnrealAI/Content/Patrol_BT.uasset" SILENT=true
[2019.10.17-12.05.30:815][524]LogSavePackage: Moving '../../../../../../Users/Lovberg/Projects/FutureGames/UnrealPatrolAI/UnrealAI/Saved/Patrol_BT57DD900B4ECF77CB2CCB0C8443B0E695.tmp' to '../../../../../../Users/Lovberg/Projects/FutureGames/UnrealPatrolAI/UnrealAI/Content/Patrol_BT.uasset'
[2019.10.17-12.05.36:320][851]LogTemp: Repeating last play command: Selected Viewport
[2019.10.17-12.05.36:336][851]LogBlueprintUserMessages: Early PlayInEditor Detection: Level '/Game/TopDownCPP/Maps/TopDownExampleMap.TopDownExampleMap:PersistentLevel' has LevelScriptBlueprint '/Game/TopDownCPP/Maps/TopDownExampleMap.TopDownExampleMap:PersistentLevel.TopDownExampleMap' with GeneratedClass '/Game/TopDownCPP/Maps/TopDownExampleMap.TopDownExampleMap_C' with ClassGeneratedBy '/Game/TopDownCPP/Maps/TopDownExampleMap.TopDownExampleMap:PersistentLevel.TopDownExampleMap'
[2019.10.17-12.05.36:338][851]LogPlayLevel: PlayLevel: No blueprints needed recompiling
[2019.10.17-12.05.36:338][851]PIE: New page: PIE session: TopDownExampleMap (17 okt 2019 16:05:36)
[2019.10.17-12.05.36:338][851]LogPlayLevel: Creating play world package: /Game/TopDownCPP/Maps/UEDPIE_0_TopDownExampleMap
[2019.10.17-12.05.36:348][851]LogPlayLevel: PIE: StaticDuplicateObject took: (0.010398s)
[2019.10.17-12.05.36:350][851]LogAIModule: Creating AISystem for world TopDownExampleMap
[2019.10.17-12.05.36:350][851]LogPlayLevel: PIE: World Init took: (0.001263s)
[2019.10.17-12.05.36:350][851]LogPlayLevel: PIE: Created PIE world by copying editor world from /Game/TopDownCPP/Maps/TopDownExampleMap.TopDownExampleMap to /Game/TopDownCPP/Maps/UEDPIE_0_TopDownExampleMap.TopDownExampleMap (0.011796s)
[2019.10.17-12.05.36:389][851]LogUObjectHash: Compacting FUObjectHashTables data took   2.60ms
[2019.10.17-12.05.36:401][851]LogInit: XAudio2 using 'Speakers (Realtek(R) Audio)' : 6 channels at 48 kHz using 32 bits per sample (channel mask 0x3f)
[2019.10.17-12.05.36:444][851]LogInit: FAudioDevice initialized.
[2019.10.17-12.05.36:454][851]LogLoad: Game class is 'UnrealAIGameMode'
[2019.10.17-12.05.36:456][851]LogWorld: Bringing World /Game/TopDownCPP/Maps/UEDPIE_0_TopDownExampleMap.TopDownExampleMap up for play (max tick rate 60) at 2019.10.17-14.05.36
[2019.10.17-12.05.36:457][851]LogWorld: Bringing up level for play took: 0.001549
[2019.10.17-12.05.36:457][851]LogOnline: OSS: Creating online subsystem instance for: :Context_10
[2019.10.17-12.05.36:459][851]PIE: Play in editor start time for /Game/TopDownCPP/Maps/UEDPIE_0_TopDownExampleMap −0,424
[2019.10.17-12.05.36:459][851]LogBlueprintUserMessages: Late PlayInEditor Detection: Level '/Game/TopDownCPP/Maps/TopDownExampleMap.TopDownExampleMap:PersistentLevel' has LevelScriptBlueprint '/Game/TopDownCPP/Maps/TopDownExampleMap.TopDownExampleMap:PersistentLevel.TopDownExampleMap' with GeneratedClass '/Game/TopDownCPP/Maps/TopDownExampleMap.TopDownExampleMap_C' with ClassGeneratedBy '/Game/TopDownCPP/Maps/TopDownExampleMap.TopDownExampleMap:PersistentLevel.TopDownExampleMap'
[2019.10.17-12.06.09:741][488]LogSlate: FSceneViewport::OnFocusLost() reason 0
[2019.10.17-12.06.09:825][493]LogBlueprintUserMessages: Early EndPlayMap Detection: Level '/Game/TopDownCPP/Maps/TopDownExampleMap.TopDownExampleMap:PersistentLevel' has LevelScriptBlueprint '/Game/TopDownCPP/Maps/TopDownExampleMap.TopDownExampleMap:PersistentLevel.TopDownExampleMap' with GeneratedClass '/Game/TopDownCPP/Maps/TopDownExampleMap.TopDownExampleMap_C' with ClassGeneratedBy '/Game/TopDownCPP/Maps/TopDownExampleMap.TopDownExampleMap:PersistentLevel.TopDownExampleMap'
[2019.10.17-12.06.09:827][493]LogSlate: Updating window title bar state: overlay mode, drag disabled, window buttons hidden, title bar hidden
[2019.10.17-12.06.09:827][493]LogWorld: BeginTearingDown for /Game/TopDownCPP/Maps/UEDPIE_0_TopDownExampleMap
[2019.10.17-12.06.09:827][493]LogWorld: UWorld::CleanupWorld for TopDownExampleMap, bSessionEnded=true, bCleanupResources=true
[2019.10.17-12.06.09:841][493]LogPlayLevel: Display: Shutting down PIE online subsystems
[2019.10.17-12.06.09:841][493]LogBlueprintUserMessages: Late EndPlayMap Detection: Level '/Game/TopDownCPP/Maps/TopDownExampleMap.TopDownExampleMap:PersistentLevel' has LevelScriptBlueprint '/Game/TopDownCPP/Maps/TopDownExampleMap.TopDownExampleMap:PersistentLevel.TopDownExampleMap' with GeneratedClass '/Game/TopDownCPP/Maps/TopDownExampleMap.TopDownExampleMap_C' with ClassGeneratedBy '/Game/TopDownCPP/Maps/TopDownExampleMap.TopDownExampleMap:PersistentLevel.TopDownExampleMap'
[2019.10.17-12.06.09:880][493]LogSlate: Updating window title bar state: overlay mode, drag disabled, window buttons hidden, title bar hidden
[2019.10.17-12.06.09:883][493]LogUObjectHash: Compacting FUObjectHashTables data took   2.61ms
[2019.10.17-12.06.09:931][496]LogPlayLevel: Display: Destroying online subsystem :Context_10
[2019.10.17-12.08.24:943][ 49]Cmd: OBJ SAVEPACKAGE PACKAGE="/Game/Patrol_BT" FILE="../../../../../../Users/Lovberg/Projects/FutureGames/UnrealPatrolAI/UnrealAI/Content/Patrol_BT.uasset" SILENT=true
[2019.10.17-12.08.24:953][ 49]LogSavePackage: Moving '../../../../../../Users/Lovberg/Projects/FutureGames/UnrealPatrolAI/UnrealAI/Saved/Patrol_BT9A9AA0634D1591DC65789E8AAF4D6343.tmp' to '../../../../../../Users/Lovberg/Projects/FutureGames/UnrealPatrolAI/UnrealAI/Content/Patrol_BT.uasset'
[2019.10.17-12.08.31:113][414]LogUObjectHash: Compacting FUObjectHashTables data took   0.84ms
[2019.10.17-12.08.31:160][414]LogUObjectHash: Compacting FUObjectHashTables data took   0.80ms
[2019.10.17-12.08.31:345][414]LogSavePackage: Moving '../../../../../../Users/Lovberg/Projects/FutureGames/UnrealPatrolAI/UnrealAI/Saved/TopDownExampleMap9D6258C9471B38B769D7D8B7E52DCB39.tmp' to '../../../../../../Users/Lovberg/Projects/FutureGames/UnrealPatrolAI/UnrealAI/Content/TopDownCPP/Maps/TopDownExampleMap.umap'
[2019.10.17-12.08.31:373][414]LogFileHelpers: Saving map 'TopDownExampleMap' took 0.245
